[35m[Appium][39m Welcome to Appium v1.22.3
[35m[Appium][39m Non-default server args:
[35m[Appium][39m   port: 52864
[35m[Appium][39m   loglevel: info
[35m[Appium][39m   tmpDir: C:\Users\SUSHIL~1.GAI\AppData\Local\Temp\\Katalon\Appium\Temp1709291024326
[35m[Appium][39m Appium REST http interface listener started on 0.0.0.0:52864
[35m[HTTP][39m [37m-->[39m [37mGET[39m [37m/wd/hub/status[39m
[35m[HTTP][39m [90m{}[39m
[35m[HTTP][39m [37m<-- GET /wd/hub/status [39m[32m200[39m [90m6 ms - 68[39m
[35m[HTTP][39m [90m[39m
[35m[HTTP][39m [37m-->[39m [37mPOST[39m [37m/wd/hub/session[39m
[35m[HTTP][39m [90m{"desiredCapabilities":{"app":"C:\\Users\\sushil.gaikwad\\Downloads\\tatamotarsdemo 1\\tatamotarsdemo\\Application\\app-release 2.apk","noReset":false,"deviceId":"R9ZT10H9Y2L","deviceName":"samsung SM-A032F (Android 13)","fullReset":true,"newCommandTimeout":1800,"platformVersion":"13","automationName":"uiautomator2","autoGrantPermissions":true,"platformName":"Android","udid":"R9ZT10H9Y2L","systemPort":52863},"capabilities":{"firstMatch":[{"appium:app":"C:\\Users\\sushil.gaikwad\\Downloads\\tatamotarsdemo 1\\tatamotarsdemo\\Application\\app-release 2.apk","appium:autoGrantPermissions":true,"appium:automationName":"uiautomator2","deviceId":"R9ZT10H9Y2L","appium:deviceName":"samsung SM-A032F (Android 13)","appium:fullReset":true,"appium:newCommandTimeout":1800,"appium:noReset":false,"platformName":"android","appium:platformVersion":"13","appium:systemPort":52863,"appium:udid":"R9ZT10H9Y2L"}]}}[39m
[35m[BaseDriver][39m The following capabilities are not standard capabilities and should have an extension prefix:
[35m[BaseDriver][39m   deviceId
[35m[Appium][39m Appium v1.22.3 creating new AndroidUiautomator2Driver (v1.70.1) session
[35m[BaseDriver][39m The following capabilities were provided, but are not recognized by Appium:
[35m[BaseDriver][39m   deviceId
[35m[BaseDriver][39m Session created with session id: 62285401-5011-4aa2-9ace-970b2d627cc8
[35m[BaseDriver][39m Using local app 'C:\Users\sushil.gaikwad\Downloads\tatamotarsdemo 1\tatamotarsdemo\Application\app-release 2.apk'
[35m[ADB][39m Found 1 'build-tools' folders under 'C:\Users\sushil.gaikwad\AppData\Local\Android\Sdk' (newest first):
[35m[ADB][39m     C:/Users/sushil.gaikwad/AppData/Local/Android/Sdk/build-tools/33.0.2
[35m[ADB][39m Using 'adb.exe' from 'C:\Users\sushil.gaikwad\AppData\Local\Android\Sdk\platform-tools\adb.exe'
[35m[AndroidDriver][39m Retrieving device list
[35m[AndroidDriver][39m Using device: R9ZT10H9Y2L
[35m[ADB][39m Using 'adb.exe' from 'C:\Users\sushil.gaikwad\AppData\Local\Android\Sdk\platform-tools\adb.exe'
[35m[ADB][39m Getting device platform version
[35m[UiAutomator2][39m Relaxing hidden api policy
[35m[ADB][39m Package name: 'com.tatamotors.egurusmart'
[35m[ADB][39m Main activity name: 'com.tatamotors.egurusmart.MainActivity'
[35m[ADB][39m Using 'apksigner.jar' from 'C:\Users\sushil.gaikwad\AppData\Local\Android\Sdk\build-tools\33.0.2\lib\apksigner.jar'
[35m[ADB][39m 'C:\Users\sushil.gaikwad\AppData\Roaming\npm\node_modules\appium\node_modules\appium-uiautomator2-server\apks\appium-uiautomator2-server-v4.27.0.apk' is signed with the default certificate
[35m[ADB][39m 'C:\Users\sushil.gaikwad\AppData\Roaming\npm\node_modules\appium\node_modules\appium-uiautomator2-server\apks\appium-uiautomator2-server-debug-androidTest.apk' is signed with the default certificate
[35m[UiAutomator2][39m Server packages are not going to be (re)installed
[35m[ADB][39m Adding packages ["io.appium.settings","io.appium.uiautomator2.server","io.appium.uiautomator2.server.test"] to Doze whitelist
[35m[ADB][39m 'C:\Users\sushil.gaikwad\Downloads\tatamotarsdemo 1\tatamotarsdemo\Application\app-release 2.apk' is signed with a non-default certificate
[35m[ADB][39m com.tatamotors.egurusmart was successfully uninstalled
[35m[ADB][39m The application at 'C:\Users\sushil.gaikwad\Downloads\tatamotarsdemo 1\tatamotarsdemo\Application\app-release 2.apk' will not be cached, because the device under test has confirmed the support of streamed installs
[35m[ADB][39m The installation of 'app-release 2.apk' took 5300ms
[35m[UiAutomator2][39m Starting UIAutomator2 server 4.27.0
[35m[UiAutomator2][39m Using UIAutomator2 server from 'C:\Users\sushil.gaikwad\AppData\Roaming\npm\node_modules\appium\node_modules\appium-uiautomator2-server\apks\appium-uiautomator2-server-v4.27.0.apk' and test from 'C:\Users\sushil.gaikwad\AppData\Roaming\npm\node_modules\appium\node_modules\appium-uiautomator2-server\apks\appium-uiautomator2-server-debug-androidTest.apk'
[35m[UiAutomator2][39m Waiting up to 30000ms for UiAutomator2 to be online...
[35m[WD Proxy][39m socket hang up
[35m[WD Proxy][39m socket hang up
[35m[WD Proxy][39m socket hang up
[35m[WD Proxy][39m socket hang up
[35m[WD Proxy][39m socket hang up
[35m[WD Proxy][39m Determined the downstream protocol as 'W3C'
[35m[AndroidDriver][39m Screen already unlocked, doing nothing
[35m[UiAutomator2][39m Starting 'com.tatamotors.egurusmart/com.tatamotors.egurusmart.MainActivity and waiting for 'com.tatamotors.egurusmart/com.tatamotors.egurusmart.MainActivity'
[35m[Appium][39m New AndroidUiautomator2Driver session created successfully, session 62285401-5011-4aa2-9ace-970b2d627cc8 added to master session list
[35m[HTTP][39m [37m<-- POST /wd/hub/session [39m[32m200[39m [90m23767 ms - 1336[39m
[35m[HTTP][39m [90m[39m
[35m[HTTP][39m [37m-->[39m [37mGET[39m [37m/wd/hub/session/62285401-5011-4aa2-9ace-970b2d627cc8[39m
[35m[HTTP][39m [90m{}[39m
[35m[HTTP][39m [37m<-- GET /wd/hub/session/62285401-5011-4aa2-9ace-970b2d627cc8 [39m[32m200[39m [90m46 ms - 1290[39m
[35m[HTTP][39m [90m[39m
[35m[HTTP][39m [37m-->[39m [37mGET[39m [37m/wd/hub/session/62285401-5011-4aa2-9ace-970b2d627cc8[39m
[35m[HTTP][39m [90m{}[39m
[35m[HTTP][39m [37m<-- GET /wd/hub/session/62285401-5011-4aa2-9ace-970b2d627cc8 [39m[32m200[39m [90m43 ms - 1290[39m
[35m[HTTP][39m [90m[39m
[35m[HTTP][39m [37m-->[39m [37mGET[39m [37m/wd/hub/status[39m
[35m[HTTP][39m [90m{}[39m
[35m[HTTP][39m [37m<-- GET /wd/hub/status [39m[32m200[39m [90m1 ms - 68[39m
[35m[HTTP][39m [90m[39m
[35m[HTTP][39m [37m-->[39m [37mPOST[39m [37m/wd/hub/session/62285401-5011-4aa2-9ace-970b2d627cc8/timeouts[39m
[35m[HTTP][39m [90m{"implicit":30000}[39m
[35m[HTTP][39m [37m<-- POST /wd/hub/session/62285401-5011-4aa2-9ace-970b2d627cc8/timeouts [39m[32m200[39m [90m3 ms - 14[39m
[35m[HTTP][39m [90m[39m
[35m[HTTP][39m [37m-->[39m [37mGET[39m [37m/wd/hub/session/62285401-5011-4aa2-9ace-970b2d627cc8/appium/device/system_bars[39m
[35m[HTTP][39m [90m{}[39m
[35m[HTTP][39m [37m<-- GET /wd/hub/session/62285401-5011-4aa2-9ace-970b2d627cc8/appium/device/system_bars [39m[32m200[39m [90m191 ms - 145[39m
[35m[HTTP][39m [90m[39m
[35m[HTTP][39m [37m-->[39m [37mPOST[39m [37m/wd/hub/session/62285401-5011-4aa2-9ace-970b2d627cc8/execute/sync[39m
[35m[HTTP][39m [90m{"script":"mobile:viewportRect","args":[]}[39m
[35m[AndroidDriver][39m Executing native command 'mobile:viewportRect'
[35m[HTTP][39m [37m<-- POST /wd/hub/session/62285401-5011-4aa2-9ace-970b2d627cc8/execute/sync [39m[32m200[39m [90m62 ms - 55[39m
[35m[HTTP][39m [90m[39m
[35m[HTTP][39m [37m-->[39m [37mPOST[39m [37m/wd/hub/session/62285401-5011-4aa2-9ace-970b2d627cc8/timeouts[39m
[35m[HTTP][39m [90m{"implicit":50}[39m
[35m[HTTP][39m [37m<-- POST /wd/hub/session/62285401-5011-4aa2-9ace-970b2d627cc8/timeouts [39m[32m200[39m [90m2 ms - 14[39m
[35m[HTTP][39m [90m[39m
[35m[HTTP][39m [37m-->[39m [37mGET[39m [37m/wd/hub/session/62285401-5011-4aa2-9ace-970b2d627cc8/window/rect[39m
[35m[HTTP][39m [90m{}[39m
[35m[HTTP][39m [37m<-- GET /wd/hub/session/62285401-5011-4aa2-9ace-970b2d627cc8/window/rect [39m[32m200[39m [90m97 ms - 49[39m
[35m[HTTP][39m [90m[39m
[35m[HTTP][39m [37m-->[39m [37mPOST[39m [37m/wd/hub/session/62285401-5011-4aa2-9ace-970b2d627cc8/elements[39m
[35m[HTTP][39m [90m{"using":"accessibility id","value":"Username"}[39m
[35m[HTTP][39m [37m<-- POST /wd/hub/session/62285401-5011-4aa2-9ace-970b2d627cc8/elements [39m[32m200[39m [90m134 ms - 139[39m
[35m[HTTP][39m [90m[39m
[35m[HTTP][39m [37m-->[39m [37mGET[39m [37m/wd/hub/session/62285401-5011-4aa2-9ace-970b2d627cc8/element/00000000-0000-038c-0000-000d00000003/location[39m
[35m[HTTP][39m [90m{}[39m
[35m[W3C (62285401)][39m Driver proxy active, passing request on via HTTP proxy
[35m[WD Proxy][39m Replacing sessionId 5d69579f-d52a-446c-b313-083a46d2c22b with 62285401-5011-4aa2-9ace-970b2d627cc8
[35m[HTTP][39m [37m<-- GET /wd/hub/session/62285401-5011-4aa2-9ace-970b2d627cc8/element/00000000-0000-038c-0000-000d00000003/location [39m[32m200[39m [90m65 ms - 77[39m
[35m[HTTP][39m [90m[39m
[35m[HTTP][39m [37m-->[39m [37mPOST[39m [37m/wd/hub/session/62285401-5011-4aa2-9ace-970b2d627cc8/timeouts[39m
[35m[HTTP][39m [90m{"implicit":30000}[39m
[35m[HTTP][39m [37m<-- POST /wd/hub/session/62285401-5011-4aa2-9ace-970b2d627cc8/timeouts [39m[32m200[39m [90m1 ms - 14[39m
[35m[HTTP][39m [90m[39m
[35m[HTTP][39m [37m-->[39m [37mPOST[39m [37m/wd/hub/session/62285401-5011-4aa2-9ace-970b2d627cc8/timeouts[39m
[35m[HTTP][39m [90m{"implicit":50}[39m
[35m[HTTP][39m [37m<-- POST /wd/hub/session/62285401-5011-4aa2-9ace-970b2d627cc8/timeouts [39m[32m200[39m [90m1 ms - 14[39m
[35m[HTTP][39m [90m[39m
[35m[HTTP][39m [37m-->[39m [37mGET[39m [37m/wd/hub/session/62285401-5011-4aa2-9ace-970b2d627cc8/window/rect[39m
[35m[HTTP][39m [90m{}[39m
[35m[HTTP][39m [37m<-- GET /wd/hub/session/62285401-5011-4aa2-9ace-970b2d627cc8/window/rect [39m[32m200[39m [90m51 ms - 49[39m
[35m[HTTP][39m [90m[39m
[35m[HTTP][39m [37m-->[39m [37mPOST[39m [37m/wd/hub/session/62285401-5011-4aa2-9ace-970b2d627cc8/elements[39m
[35m[HTTP][39m [90m{"using":"xpath","value":"//hierarchy/android.widget.FrameLayout[1]/android.widget.LinearLayout[1]/android.widget.FrameLayout[1]/android.widget.FrameLayout[1]/android.view.View[1]/android.view.View[1]/android.view.View[1]/android.view.View[1]/android.widget.ScrollView[1]/android.widget.ImageView[2]"}[39m
[35m[HTTP][39m [37m<-- POST /wd/hub/session/62285401-5011-4aa2-9ace-970b2d627cc8/elements [39m[32m200[39m [90m4115 ms - 139[39m
[35m[HTTP][39m [90m[39m
[35m[HTTP][39m [37m-->[39m [37mGET[39m [37m/wd/hub/session/62285401-5011-4aa2-9ace-970b2d627cc8/element/00000000-0000-038c-0000-000e00000003/location[39m
[35m[HTTP][39m [90m{}[39m
[35m[W3C (62285401)][39m Driver proxy active, passing request on via HTTP proxy
[35m[WD Proxy][39m Replacing sessionId 5d69579f-d52a-446c-b313-083a46d2c22b with 62285401-5011-4aa2-9ace-970b2d627cc8
[35m[HTTP][39m [37m<-- GET /wd/hub/session/62285401-5011-4aa2-9ace-970b2d627cc8/element/00000000-0000-038c-0000-000e00000003/location [39m[32m200[39m [90m61 ms - 77[39m
[35m[HTTP][39m [90m[39m
[35m[HTTP][39m [37m-->[39m [37mPOST[39m [37m/wd/hub/session/62285401-5011-4aa2-9ace-970b2d627cc8/timeouts[39m
[35m[HTTP][39m [90m{"implicit":30000}[39m
[35m[HTTP][39m [37m<-- POST /wd/hub/session/62285401-5011-4aa2-9ace-970b2d627cc8/timeouts [39m[32m200[39m [90m1 ms - 14[39m
[35m[HTTP][39m [90m[39m
[35m[HTTP][39m [37m-->[39m [37mPOST[39m [37m/wd/hub/session/62285401-5011-4aa2-9ace-970b2d627cc8/element/00000000-0000-038c-0000-000e00000003/clear[39m
[35m[HTTP][39m [90m{"id":"00000000-0000-038c-0000-000e00000003"}[39m
[35m[HTTP][39m [37m<-- POST /wd/hub/session/62285401-5011-4aa2-9ace-970b2d627cc8/element/00000000-0000-038c-0000-000e00000003/clear [39m[32m200[39m [90m55 ms - 14[39m
[35m[HTTP][39m [90m[39m
[35m[HTTP][39m [37m-->[39m [37mPOST[39m [37m/wd/hub/session/62285401-5011-4aa2-9ace-970b2d627cc8/element/00000000-0000-038c-0000-000e00000003/click[39m
[35m[HTTP][39m [90m{"id":"00000000-0000-038c-0000-000e00000003"}[39m
[35m[HTTP][39m [37m<-- POST /wd/hub/session/62285401-5011-4aa2-9ace-970b2d627cc8/element/00000000-0000-038c-0000-000e00000003/click [39m[32m200[39m [90m91 ms - 14[39m
[35m[HTTP][39m [90m[39m
[35m[HTTP][39m [37m-->[39m [37mPOST[39m [37m/wd/hub/session/62285401-5011-4aa2-9ace-970b2d627cc8/element/00000000-0000-038c-0000-000e00000003/value[39m
[35m[HTTP][39m [90m{"id":"00000000-0000-038c-0000-000e00000003","text":"DUSER145","value":["D","U","S","E","R","1","4","5"]}[39m
[35m[HTTP][39m [37m<-- POST /wd/hub/session/62285401-5011-4aa2-9ace-970b2d627cc8/element/00000000-0000-038c-0000-000e00000003/value [39m[32m200[39m [90m969 ms - 14[39m
[35m[HTTP][39m [90m[39m
[35m[HTTP][39m [37m-->[39m [37mGET[39m [37m/wd/hub/session/62285401-5011-4aa2-9ace-970b2d627cc8/context[39m
[35m[HTTP][39m [90m{}[39m
[35m[HTTP][39m [37m<-- GET /wd/hub/session/62285401-5011-4aa2-9ace-970b2d627cc8/context [39m[32m200[39m [90m2 ms - 22[39m
[35m[HTTP][39m [90m[39m
[35m[HTTP][39m [37m-->[39m [37mGET[39m [37m/wd/hub/session/62285401-5011-4aa2-9ace-970b2d627cc8/contexts[39m
[35m[HTTP][39m [90m{}[39m
[35m[HTTP][39m [37m<-- GET /wd/hub/session/62285401-5011-4aa2-9ace-970b2d627cc8/contexts [39m[32m200[39m [90m107 ms - 24[39m
[35m[HTTP][39m [90m[39m
[35m[HTTP][39m [37m-->[39m [37mPOST[39m [37m/wd/hub/session/62285401-5011-4aa2-9ace-970b2d627cc8/context[39m
[35m[HTTP][39m [90m{"name":"NATIVE_APP"}[39m
[35m[HTTP][39m [37m<-- POST /wd/hub/session/62285401-5011-4aa2-9ace-970b2d627cc8/context [39m[32m200[39m [90m1 ms - 14[39m
[35m[HTTP][39m [90m[39m
[35m[HTTP][39m [37m-->[39m [37mPOST[39m [37m/wd/hub/session/62285401-5011-4aa2-9ace-970b2d627cc8/appium/device/hide_keyboard[39m
[35m[HTTP][39m [90m{}[39m
[35m[HTTP][39m [37m<-- POST /wd/hub/session/62285401-5011-4aa2-9ace-970b2d627cc8/appium/device/hide_keyboard [39m[32m200[39m [90m1673 ms - 14[39m
[35m[HTTP][39m [90m[39m
[35m[HTTP][39m [37m-->[39m [37mPOST[39m [37m/wd/hub/session/62285401-5011-4aa2-9ace-970b2d627cc8/context[39m
[35m[HTTP][39m [90m{"name":"NATIVE_APP"}[39m
[35m[HTTP][39m [37m<-- POST /wd/hub/session/62285401-5011-4aa2-9ace-970b2d627cc8/context [39m[32m200[39m [90m1 ms - 14[39m
[35m[HTTP][39m [90m[39m
[35m[HTTP][39m [37m-->[39m [37mPOST[39m [37m/wd/hub/session/62285401-5011-4aa2-9ace-970b2d627cc8/timeouts[39m
[35m[HTTP][39m [90m{"implicit":50}[39m
[35m[HTTP][39m [37m<-- POST /wd/hub/session/62285401-5011-4aa2-9ace-970b2d627cc8/timeouts [39m[32m200[39m [90m1 ms - 14[39m
[35m[HTTP][39m [90m[39m
[35m[HTTP][39m [37m-->[39m [37mGET[39m [37m/wd/hub/session/62285401-5011-4aa2-9ace-970b2d627cc8/window/rect[39m
[35m[HTTP][39m [90m{}[39m
[35m[HTTP][39m [37m<-- GET /wd/hub/session/62285401-5011-4aa2-9ace-970b2d627cc8/window/rect [39m[32m200[39m [90m42 ms - 49[39m
[35m[HTTP][39m [90m[39m
[35m[HTTP][39m [37m-->[39m [37mPOST[39m [37m/wd/hub/session/62285401-5011-4aa2-9ace-970b2d627cc8/elements[39m
[35m[HTTP][39m [90m{"using":"xpath","value":"//*[@class = 'android.widget.EditText' and @resource-id = '' and (@text = '' or . = '')]"}[39m
[35m[HTTP][39m [37m<-- POST /wd/hub/session/62285401-5011-4aa2-9ace-970b2d627cc8/elements [39m[32m200[39m [90m705 ms - 139[39m
[35m[HTTP][39m [90m[39m
[35m[HTTP][39m [37m-->[39m [37mGET[39m [37m/wd/hub/session/62285401-5011-4aa2-9ace-970b2d627cc8/element/00000000-0000-038c-0000-001000000003/location[39m
[35m[HTTP][39m [90m{}[39m
[35m[W3C (62285401)][39m Driver proxy active, passing request on via HTTP proxy
[35m[WD Proxy][39m Replacing sessionId 5d69579f-d52a-446c-b313-083a46d2c22b with 62285401-5011-4aa2-9ace-970b2d627cc8
[35m[HTTP][39m [37m<-- GET /wd/hub/session/62285401-5011-4aa2-9ace-970b2d627cc8/element/00000000-0000-038c-0000-001000000003/location [39m[32m200[39m [90m60 ms - 77[39m
[35m[HTTP][39m [90m[39m
[35m[HTTP][39m [37m-->[39m [37mPOST[39m [37m/wd/hub/session/62285401-5011-4aa2-9ace-970b2d627cc8/timeouts[39m
[35m[HTTP][39m [90m{"implicit":30000}[39m
[35m[HTTP][39m [37m<-- POST /wd/hub/session/62285401-5011-4aa2-9ace-970b2d627cc8/timeouts [39m[32m200[39m [90m1 ms - 14[39m
[35m[HTTP][39m [90m[39m
[35m[HTTP][39m [37m-->[39m [37mPOST[39m [37m/wd/hub/session/62285401-5011-4aa2-9ace-970b2d627cc8/element/00000000-0000-038c-0000-001000000003/clear[39m
[35m[HTTP][39m [90m{"id":"00000000-0000-038c-0000-001000000003"}[39m
[35m[HTTP][39m [37m<-- POST /wd/hub/session/62285401-5011-4aa2-9ace-970b2d627cc8/element/00000000-0000-038c-0000-001000000003/clear [39m[32m200[39m [90m50 ms - 14[39m
[35m[HTTP][39m [90m[39m
[35m[HTTP][39m [37m-->[39m [37mPOST[39m [37m/wd/hub/session/62285401-5011-4aa2-9ace-970b2d627cc8/element/00000000-0000-038c-0000-001000000003/click[39m
[35m[HTTP][39m [90m{"id":"00000000-0000-038c-0000-001000000003"}[39m
[35m[HTTP][39m [37m<-- POST /wd/hub/session/62285401-5011-4aa2-9ace-970b2d627cc8/element/00000000-0000-038c-0000-001000000003/click [39m[32m200[39m [90m87 ms - 14[39m
[35m[HTTP][39m [90m[39m
[35m[HTTP][39m [37m-->[39m [37mPOST[39m [37m/wd/hub/session/62285401-5011-4aa2-9ace-970b2d627cc8/element/00000000-0000-038c-0000-001000000003/value[39m
[35m[HTTP][39m [90m{"id":"00000000-0000-038c-0000-001000000003","text":"Soct#2023","value":["S","o","c","t","#","2","0","2","3"]}[39m
[35m[HTTP][39m [37m<-- POST /wd/hub/session/62285401-5011-4aa2-9ace-970b2d627cc8/element/00000000-0000-038c-0000-001000000003/value [39m[32m200[39m [90m827 ms - 14[39m
[35m[HTTP][39m [90m[39m
[35m[HTTP][39m [37m-->[39m [37mGET[39m [37m/wd/hub/session/62285401-5011-4aa2-9ace-970b2d627cc8/context[39m
[35m[HTTP][39m [90m{}[39m
[35m[HTTP][39m [37m<-- GET /wd/hub/session/62285401-5011-4aa2-9ace-970b2d627cc8/context [39m[32m200[39m [90m1 ms - 22[39m
[35m[HTTP][39m [90m[39m
[35m[HTTP][39m [37m-->[39m [37mGET[39m [37m/wd/hub/session/62285401-5011-4aa2-9ace-970b2d627cc8/contexts[39m
[35m[HTTP][39m [90m{}[39m
[35m[HTTP][39m [37m<-- GET /wd/hub/session/62285401-5011-4aa2-9ace-970b2d627cc8/contexts [39m[32m200[39m [90m85 ms - 24[39m
[35m[HTTP][39m [90m[39m
[35m[HTTP][39m [37m-->[39m [37mPOST[39m [37m/wd/hub/session/62285401-5011-4aa2-9ace-970b2d627cc8/context[39m
[35m[HTTP][39m [90m{"name":"NATIVE_APP"}[39m
[35m[HTTP][39m [37m<-- POST /wd/hub/session/62285401-5011-4aa2-9ace-970b2d627cc8/context [39m[32m200[39m [90m1 ms - 14[39m
[35m[HTTP][39m [90m[39m
[35m[HTTP][39m [37m-->[39m [37mPOST[39m [37m/wd/hub/session/62285401-5011-4aa2-9ace-970b2d627cc8/appium/device/hide_keyboard[39m
[35m[HTTP][39m [90m{}[39m
[35m[HTTP][39m [37m<-- POST /wd/hub/session/62285401-5011-4aa2-9ace-970b2d627cc8/appium/device/hide_keyboard [39m[32m200[39m [90m3280 ms - 14[39m
[35m[HTTP][39m [90m[39m
[35m[HTTP][39m [37m-->[39m [37mPOST[39m [37m/wd/hub/session/62285401-5011-4aa2-9ace-970b2d627cc8/context[39m
[35m[HTTP][39m [90m{"name":"NATIVE_APP"}[39m
[35m[HTTP][39m [37m<-- POST /wd/hub/session/62285401-5011-4aa2-9ace-970b2d627cc8/context [39m[32m200[39m [90m1 ms - 14[39m
[35m[HTTP][39m [90m[39m
[35m[HTTP][39m [37m-->[39m [37mPOST[39m [37m/wd/hub/session/62285401-5011-4aa2-9ace-970b2d627cc8/timeouts[39m
[35m[HTTP][39m [90m{"implicit":50}[39m
[35m[HTTP][39m [37m<-- POST /wd/hub/session/62285401-5011-4aa2-9ace-970b2d627cc8/timeouts [39m[32m200[39m [90m1 ms - 14[39m
[35m[HTTP][39m [90m[39m
[35m[HTTP][39m [37m-->[39m [37mGET[39m [37m/wd/hub/session/62285401-5011-4aa2-9ace-970b2d627cc8/window/rect[39m
[35m[HTTP][39m [90m{}[39m
[35m[HTTP][39m [37m<-- GET /wd/hub/session/62285401-5011-4aa2-9ace-970b2d627cc8/window/rect [39m[32m200[39m [90m46 ms - 49[39m
[35m[HTTP][39m [90m[39m
[35m[HTTP][39m [37m-->[39m [37mPOST[39m [37m/wd/hub/session/62285401-5011-4aa2-9ace-970b2d627cc8/elements[39m
[35m[HTTP][39m [90m{"using":"xpath","value":"//*[@class = 'android.widget.Button' and @resource-id = '' and (@text = '' or . = '')]"}[39m
[35m[HTTP][39m [37m<-- POST /wd/hub/session/62285401-5011-4aa2-9ace-970b2d627cc8/elements [39m[32m200[39m [90m692 ms - 139[39m
[35m[HTTP][39m [90m[39m
[35m[HTTP][39m [37m-->[39m [37mGET[39m [37m/wd/hub/session/62285401-5011-4aa2-9ace-970b2d627cc8/element/00000000-0000-038c-0000-001100000003/location[39m
[35m[HTTP][39m [90m{}[39m
[35m[W3C (62285401)][39m Driver proxy active, passing request on via HTTP proxy
[35m[WD Proxy][39m Replacing sessionId 5d69579f-d52a-446c-b313-083a46d2c22b with 62285401-5011-4aa2-9ace-970b2d627cc8
[35m[HTTP][39m [37m<-- GET /wd/hub/session/62285401-5011-4aa2-9ace-970b2d627cc8/element/00000000-0000-038c-0000-001100000003/location [39m[32m200[39m [90m57 ms - 78[39m
[35m[HTTP][39m [90m[39m
[35m[HTTP][39m [37m-->[39m [37mPOST[39m [37m/wd/hub/session/62285401-5011-4aa2-9ace-970b2d627cc8/timeouts[39m
[35m[HTTP][39m [90m{"implicit":30000}[39m
[35m[HTTP][39m [37m<-- POST /wd/hub/session/62285401-5011-4aa2-9ace-970b2d627cc8/timeouts [39m[32m200[39m [90m1 ms - 14[39m
[35m[HTTP][39m [90m[39m
[35m[HTTP][39m [37m-->[39m [37mPOST[39m [37m/wd/hub/session/62285401-5011-4aa2-9ace-970b2d627cc8/element/00000000-0000-038c-0000-001100000003/click[39m
[35m[HTTP][39m [90m{"id":"00000000-0000-038c-0000-001100000003"}[39m
[35m[HTTP][39m [37m<-- POST /wd/hub/session/62285401-5011-4aa2-9ace-970b2d627cc8/element/00000000-0000-038c-0000-001100000003/click [39m[32m200[39m [90m597 ms - 14[39m
[35m[HTTP][39m [90m[39m
[35m[HTTP][39m [37m-->[39m [37mPOST[39m [37m/wd/hub/session/62285401-5011-4aa2-9ace-970b2d627cc8/timeouts[39m
[35m[HTTP][39m [90m{"implicit":50}[39m
[35m[HTTP][39m [37m<-- POST /wd/hub/session/62285401-5011-4aa2-9ace-970b2d627cc8/timeouts [39m[32m200[39m [90m1 ms - 14[39m
[35m[HTTP][39m [90m[39m
[35m[HTTP][39m [37m-->[39m [37mGET[39m [37m/wd/hub/session/62285401-5011-4aa2-9ace-970b2d627cc8/window/rect[39m
[35m[HTTP][39m [90m{}[39m
[35m[HTTP][39m [37m<-- GET /wd/hub/session/62285401-5011-4aa2-9ace-970b2d627cc8/window/rect [39m[32m200[39m [90m42 ms - 49[39m
[35m[HTTP][39m [90m[39m
[35m[HTTP][39m [37m-->[39m [37mPOST[39m [37m/wd/hub/session/62285401-5011-4aa2-9ace-970b2d627cc8/elements[39m
[35m[HTTP][39m [90m{"using":"xpath","value":"//hierarchy/android.widget.FrameLayout[1]/android.widget.LinearLayout[1]/android.widget.FrameLayout[1]/android.widget.FrameLayout[1]/android.view.View[1]/android.view.View[1]/android.view.View[1]/android.view.View[1]/android.view.View[1]/android.widget.EditText[1]"}[39m
[35m[HTTP][39m [37m<-- POST /wd/hub/session/62285401-5011-4aa2-9ace-970b2d627cc8/elements [39m[32m200[39m [90m552 ms - 12[39m
[35m[HTTP][39m [90m[39m
[35m[HTTP][39m [37m-->[39m [37mPOST[39m [37m/wd/hub/session/62285401-5011-4aa2-9ace-970b2d627cc8/elements[39m
[35m[HTTP][39m [90m{"using":"xpath","value":"//hierarchy/android.widget.FrameLayout[1]/android.widget.LinearLayout[1]/android.widget.FrameLayout[1]/android.widget.FrameLayout[1]/android.view.View[1]/android.view.View[1]/android.view.View[1]/android.view.View[1]/android.view.View[1]/android.widget.EditText[1]"}[39m
[35m[HTTP][39m [37m<-- POST /wd/hub/session/62285401-5011-4aa2-9ace-970b2d627cc8/elements [39m[32m200[39m [90m549 ms - 12[39m
[35m[HTTP][39m [90m[39m
[35m[HTTP][39m [37m-->[39m [37mPOST[39m [37m/wd/hub/session/62285401-5011-4aa2-9ace-970b2d627cc8/elements[39m
[35m[HTTP][39m [90m{"using":"xpath","value":"//hierarchy/android.widget.FrameLayout[1]/android.widget.LinearLayout[1]/android.widget.FrameLayout[1]/android.widget.FrameLayout[1]/android.view.View[1]/android.view.View[1]/android.view.View[1]/android.view.View[1]/android.view.View[1]/android.widget.EditText[1]"}[39m
[35m[HTTP][39m [37m<-- POST /wd/hub/session/62285401-5011-4aa2-9ace-970b2d627cc8/elements [39m[32m200[39m [90m997 ms - 139[39m
[35m[HTTP][39m [90m[39m
[35m[HTTP][39m [37m-->[39m [37mGET[39m [37m/wd/hub/session/62285401-5011-4aa2-9ace-970b2d627cc8/element/00000000-0000-038c-0000-001700000003/location[39m
[35m[HTTP][39m [90m{}[39m
[35m[W3C (62285401)][39m Driver proxy active, passing request on via HTTP proxy
[35m[WD Proxy][39m Replacing sessionId 5d69579f-d52a-446c-b313-083a46d2c22b with 62285401-5011-4aa2-9ace-970b2d627cc8
[35m[HTTP][39m [37m<-- GET /wd/hub/session/62285401-5011-4aa2-9ace-970b2d627cc8/element/00000000-0000-038c-0000-001700000003/location [39m[32m200[39m [90m55 ms - 78[39m
[35m[HTTP][39m [90m[39m
[35m[HTTP][39m [37m-->[39m [37mPOST[39m [37m/wd/hub/session/62285401-5011-4aa2-9ace-970b2d627cc8/timeouts[39m
[35m[HTTP][39m [90m{"implicit":30000}[39m
[35m[HTTP][39m [37m<-- POST /wd/hub/session/62285401-5011-4aa2-9ace-970b2d627cc8/timeouts [39m[32m200[39m [90m1 ms - 14[39m
[35m[HTTP][39m [90m[39m
[35m[HTTP][39m [37m-->[39m [37mPOST[39m [37m/wd/hub/session/62285401-5011-4aa2-9ace-970b2d627cc8/element/00000000-0000-038c-0000-001700000003/clear[39m
[35m[HTTP][39m [90m{"id":"00000000-0000-038c-0000-001700000003"}[39m
[35m[HTTP][39m [37m<-- POST /wd/hub/session/62285401-5011-4aa2-9ace-970b2d627cc8/element/00000000-0000-038c-0000-001700000003/clear [39m[32m200[39m [90m50 ms - 14[39m
[35m[HTTP][39m [90m[39m
[35m[HTTP][39m [37m-->[39m [37mPOST[39m [37m/wd/hub/session/62285401-5011-4aa2-9ace-970b2d627cc8/element/00000000-0000-038c-0000-001700000003/click[39m
[35m[HTTP][39m [90m{"id":"00000000-0000-038c-0000-001700000003"}[39m
[35m[HTTP][39m [37m<-- POST /wd/hub/session/62285401-5011-4aa2-9ace-970b2d627cc8/element/00000000-0000-038c-0000-001700000003/click [39m[32m200[39m [90m84 ms - 14[39m
[35m[HTTP][39m [90m[39m
[35m[HTTP][39m [37m-->[39m [37mPOST[39m [37m/wd/hub/session/62285401-5011-4aa2-9ace-970b2d627cc8/element/00000000-0000-038c-0000-001700000003/value[39m
[35m[HTTP][39m [90m{"id":"00000000-0000-038c-0000-001700000003","text":"1","value":["1"]}[39m
[35m[HTTP][39m [37m<-- POST /wd/hub/session/62285401-5011-4aa2-9ace-970b2d627cc8/element/00000000-0000-038c-0000-001700000003/value [39m[32m200[39m [90m760 ms - 14[39m
[35m[HTTP][39m [90m[39m
[35m[HTTP][39m [37m-->[39m [37mPOST[39m [37m/wd/hub/session/62285401-5011-4aa2-9ace-970b2d627cc8/timeouts[39m
[35m[HTTP][39m [90m{"implicit":50}[39m
[35m[HTTP][39m [37m<-- POST /wd/hub/session/62285401-5011-4aa2-9ace-970b2d627cc8/timeouts [39m[32m200[39m [90m1 ms - 14[39m
[35m[HTTP][39m [90m[39m
[35m[HTTP][39m [37m-->[39m [37mGET[39m [37m/wd/hub/session/62285401-5011-4aa2-9ace-970b2d627cc8/window/rect[39m
[35m[HTTP][39m [90m{}[39m
[35m[HTTP][39m [37m<-- GET /wd/hub/session/62285401-5011-4aa2-9ace-970b2d627cc8/window/rect [39m[32m200[39m [90m43 ms - 49[39m
[35m[HTTP][39m [90m[39m
[35m[HTTP][39m [37m-->[39m [37mPOST[39m [37m/wd/hub/session/62285401-5011-4aa2-9ace-970b2d627cc8/elements[39m
[35m[HTTP][39m [90m{"using":"xpath","value":"//hierarchy/android.widget.FrameLayout[1]/android.widget.LinearLayout[1]/android.widget.FrameLayout[1]/android.widget.FrameLayout[1]/android.view.View[1]/android.view.View[1]/android.view.View[1]/android.view.View[1]/android.view.View[1]/android.widget.EditText[2]"}[39m
[35m[HTTP][39m [37m<-- POST /wd/hub/session/62285401-5011-4aa2-9ace-970b2d627cc8/elements [39m[32m200[39m [90m989 ms - 139[39m
[35m[HTTP][39m [90m[39m
[35m[HTTP][39m [37m-->[39m [37mGET[39m [37m/wd/hub/session/62285401-5011-4aa2-9ace-970b2d627cc8/element/00000000-0000-038c-0000-001800000003/location[39m
[35m[HTTP][39m [90m{}[39m
[35m[W3C (62285401)][39m Driver proxy active, passing request on via HTTP proxy
[35m[WD Proxy][39m Replacing sessionId 5d69579f-d52a-446c-b313-083a46d2c22b with 62285401-5011-4aa2-9ace-970b2d627cc8
[35m[HTTP][39m [37m<-- GET /wd/hub/session/62285401-5011-4aa2-9ace-970b2d627cc8/element/00000000-0000-038c-0000-001800000003/location [39m[32m200[39m [90m57 ms - 78[39m
[35m[HTTP][39m [90m[39m
[35m[HTTP][39m [37m-->[39m [37mPOST[39m [37m/wd/hub/session/62285401-5011-4aa2-9ace-970b2d627cc8/timeouts[39m
[35m[HTTP][39m [90m{"implicit":30000}[39m
[35m[HTTP][39m [37m<-- POST /wd/hub/session/62285401-5011-4aa2-9ace-970b2d627cc8/timeouts [39m[32m200[39m [90m1 ms - 14[39m
[35m[HTTP][39m [90m[39m
[35m[HTTP][39m [37m-->[39m [37mPOST[39m [37m/wd/hub/session/62285401-5011-4aa2-9ace-970b2d627cc8/element/00000000-0000-038c-0000-001800000003/clear[39m
[35m[HTTP][39m [90m{"id":"00000000-0000-038c-0000-001800000003"}[39m
[35m[HTTP][39m [37m<-- POST /wd/hub/session/62285401-5011-4aa2-9ace-970b2d627cc8/element/00000000-0000-038c-0000-001800000003/clear [39m[32m200[39m [90m52 ms - 14[39m
[35m[HTTP][39m [90m[39m
[35m[HTTP][39m [37m-->[39m [37mPOST[39m [37m/wd/hub/session/62285401-5011-4aa2-9ace-970b2d627cc8/element/00000000-0000-038c-0000-001800000003/click[39m
[35m[HTTP][39m [90m{"id":"00000000-0000-038c-0000-001800000003"}[39m
[35m[HTTP][39m [37m<-- POST /wd/hub/session/62285401-5011-4aa2-9ace-970b2d627cc8/element/00000000-0000-038c-0000-001800000003/click [39m[32m200[39m [90m69 ms - 14[39m
[35m[HTTP][39m [90m[39m
[35m[HTTP][39m [37m-->[39m [37mPOST[39m [37m/wd/hub/session/62285401-5011-4aa2-9ace-970b2d627cc8/element/00000000-0000-038c-0000-001800000003/value[39m
[35m[HTTP][39m [90m{"id":"00000000-0000-038c-0000-001800000003","text":"2","value":["2"]}[39m
[35m[HTTP][39m [37m<-- POST /wd/hub/session/62285401-5011-4aa2-9ace-970b2d627cc8/element/00000000-0000-038c-0000-001800000003/value [39m[32m200[39m [90m63 ms - 14[39m
[35m[HTTP][39m [90m[39m
[35m[HTTP][39m [37m-->[39m [37mPOST[39m [37m/wd/hub/session/62285401-5011-4aa2-9ace-970b2d627cc8/timeouts[39m
[35m[HTTP][39m [90m{"implicit":50}[39m
[35m[HTTP][39m [37m<-- POST /wd/hub/session/62285401-5011-4aa2-9ace-970b2d627cc8/timeouts [39m[32m200[39m [90m1 ms - 14[39m
[35m[HTTP][39m [90m[39m
[35m[HTTP][39m [37m-->[39m [37mGET[39m [37m/wd/hub/session/62285401-5011-4aa2-9ace-970b2d627cc8/window/rect[39m
[35m[HTTP][39m [90m{}[39m
[35m[HTTP][39m [37m<-- GET /wd/hub/session/62285401-5011-4aa2-9ace-970b2d627cc8/window/rect [39m[32m200[39m [90m41 ms - 49[39m
[35m[HTTP][39m [90m[39m
[35m[HTTP][39m [37m-->[39m [37mPOST[39m [37m/wd/hub/session/62285401-5011-4aa2-9ace-970b2d627cc8/elements[39m
[35m[HTTP][39m [90m{"using":"xpath","value":"//hierarchy/android.widget.FrameLayout[1]/android.widget.LinearLayout[1]/android.widget.FrameLayout[1]/android.widget.FrameLayout[1]/android.view.View[1]/android.view.View[1]/android.view.View[1]/android.view.View[1]/android.view.View[1]/android.widget.EditText[3]"}[39m
[35m[HTTP][39m [37m<-- POST /wd/hub/session/62285401-5011-4aa2-9ace-970b2d627cc8/elements [39m[32m200[39m [90m989 ms - 139[39m
[35m[HTTP][39m [90m[39m
[35m[HTTP][39m [37m-->[39m [37mGET[39m [37m/wd/hub/session/62285401-5011-4aa2-9ace-970b2d627cc8/element/00000000-0000-038c-0000-001900000003/location[39m
[35m[HTTP][39m [90m{}[39m
[35m[W3C (62285401)][39m Driver proxy active, passing request on via HTTP proxy
[35m[WD Proxy][39m Replacing sessionId 5d69579f-d52a-446c-b313-083a46d2c22b with 62285401-5011-4aa2-9ace-970b2d627cc8
[35m[HTTP][39m [37m<-- GET /wd/hub/session/62285401-5011-4aa2-9ace-970b2d627cc8/element/00000000-0000-038c-0000-001900000003/location [39m[32m200[39m [90m55 ms - 78[39m
[35m[HTTP][39m [90m[39m
[35m[HTTP][39m [37m-->[39m [37mPOST[39m [37m/wd/hub/session/62285401-5011-4aa2-9ace-970b2d627cc8/timeouts[39m
[35m[HTTP][39m [90m{"implicit":30000}[39m
[35m[HTTP][39m [37m<-- POST /wd/hub/session/62285401-5011-4aa2-9ace-970b2d627cc8/timeouts [39m[32m200[39m [90m1 ms - 14[39m
[35m[HTTP][39m [90m[39m
[35m[HTTP][39m [37m-->[39m [37mPOST[39m [37m/wd/hub/session/62285401-5011-4aa2-9ace-970b2d627cc8/element/00000000-0000-038c-0000-001900000003/clear[39m
[35m[HTTP][39m [90m{"id":"00000000-0000-038c-0000-001900000003"}[39m
[35m[HTTP][39m [37m<-- POST /wd/hub/session/62285401-5011-4aa2-9ace-970b2d627cc8/element/00000000-0000-038c-0000-001900000003/clear [39m[32m200[39m [90m52 ms - 14[39m
[35m[HTTP][39m [90m[39m
[35m[HTTP][39m [37m-->[39m [37mPOST[39m [37m/wd/hub/session/62285401-5011-4aa2-9ace-970b2d627cc8/element/00000000-0000-038c-0000-001900000003/click[39m
[35m[HTTP][39m [90m{"id":"00000000-0000-038c-0000-001900000003"}[39m
[35m[HTTP][39m [37m<-- POST /wd/hub/session/62285401-5011-4aa2-9ace-970b2d627cc8/element/00000000-0000-038c-0000-001900000003/click [39m[32m200[39m [90m82 ms - 14[39m
[35m[HTTP][39m [90m[39m
[35m[HTTP][39m [37m-->[39m [37mPOST[39m [37m/wd/hub/session/62285401-5011-4aa2-9ace-970b2d627cc8/element/00000000-0000-038c-0000-001900000003/value[39m
[35m[HTTP][39m [90m{"id":"00000000-0000-038c-0000-001900000003","text":"3","value":["3"]}[39m
[35m[HTTP][39m [37m<-- POST /wd/hub/session/62285401-5011-4aa2-9ace-970b2d627cc8/element/00000000-0000-038c-0000-001900000003/value [39m[32m200[39m [90m66 ms - 14[39m
[35m[HTTP][39m [90m[39m
[35m[HTTP][39m [37m-->[39m [37mPOST[39m [37m/wd/hub/session/62285401-5011-4aa2-9ace-970b2d627cc8/timeouts[39m
[35m[HTTP][39m [90m{"implicit":50}[39m
[35m[HTTP][39m [37m<-- POST /wd/hub/session/62285401-5011-4aa2-9ace-970b2d627cc8/timeouts [39m[32m200[39m [90m1 ms - 14[39m
[35m[HTTP][39m [90m[39m
[35m[HTTP][39m [37m-->[39m [37mGET[39m [37m/wd/hub/session/62285401-5011-4aa2-9ace-970b2d627cc8/window/rect[39m
[35m[HTTP][39m [90m{}[39m
[35m[HTTP][39m [37m<-- GET /wd/hub/session/62285401-5011-4aa2-9ace-970b2d627cc8/window/rect [39m[32m200[39m [90m49 ms - 49[39m
[35m[HTTP][39m [90m[39m
[35m[HTTP][39m [37m-->[39m [37mPOST[39m [37m/wd/hub/session/62285401-5011-4aa2-9ace-970b2d627cc8/elements[39m
[35m[HTTP][39m [90m{"using":"xpath","value":"//hierarchy/android.widget.FrameLayout[1]/android.widget.LinearLayout[1]/android.widget.FrameLayout[1]/android.widget.FrameLayout[1]/android.view.View[1]/android.view.View[1]/android.view.View[1]/android.view.View[1]/android.view.View[1]/android.widget.EditText[4]"}[39m
[35m[HTTP][39m [37m<-- POST /wd/hub/session/62285401-5011-4aa2-9ace-970b2d627cc8/elements [39m[32m200[39m [90m968 ms - 139[39m
[35m[HTTP][39m [90m[39m
[35m[HTTP][39m [37m-->[39m [37mGET[39m [37m/wd/hub/session/62285401-5011-4aa2-9ace-970b2d627cc8/element/00000000-0000-038c-0000-001a00000003/location[39m
[35m[HTTP][39m [90m{}[39m
[35m[W3C (62285401)][39m Driver proxy active, passing request on via HTTP proxy
[35m[WD Proxy][39m Replacing sessionId 5d69579f-d52a-446c-b313-083a46d2c22b with 62285401-5011-4aa2-9ace-970b2d627cc8
[35m[HTTP][39m [37m<-- GET /wd/hub/session/62285401-5011-4aa2-9ace-970b2d627cc8/element/00000000-0000-038c-0000-001a00000003/location [39m[32m200[39m [90m56 ms - 78[39m
[35m[HTTP][39m [90m[39m
[35m[HTTP][39m [37m-->[39m [37mPOST[39m [37m/wd/hub/session/62285401-5011-4aa2-9ace-970b2d627cc8/timeouts[39m
[35m[HTTP][39m [90m{"implicit":30000}[39m
[35m[HTTP][39m [37m<-- POST /wd/hub/session/62285401-5011-4aa2-9ace-970b2d627cc8/timeouts [39m[32m200[39m [90m1 ms - 14[39m
[35m[HTTP][39m [90m[39m
[35m[HTTP][39m [37m-->[39m [37mPOST[39m [37m/wd/hub/session/62285401-5011-4aa2-9ace-970b2d627cc8/element/00000000-0000-038c-0000-001a00000003/clear[39m
[35m[HTTP][39m [90m{"id":"00000000-0000-038c-0000-001a00000003"}[39m
[35m[HTTP][39m [37m<-- POST /wd/hub/session/62285401-5011-4aa2-9ace-970b2d627cc8/element/00000000-0000-038c-0000-001a00000003/clear [39m[32m200[39m [90m50 ms - 14[39m
[35m[HTTP][39m [90m[39m
[35m[HTTP][39m [37m-->[39m [37mPOST[39m [37m/wd/hub/session/62285401-5011-4aa2-9ace-970b2d627cc8/element/00000000-0000-038c-0000-001a00000003/click[39m
[35m[HTTP][39m [90m{"id":"00000000-0000-038c-0000-001a00000003"}[39m
[35m[HTTP][39m [37m<-- POST /wd/hub/session/62285401-5011-4aa2-9ace-970b2d627cc8/element/00000000-0000-038c-0000-001a00000003/click [39m[32m200[39m [90m74 ms - 14[39m
[35m[HTTP][39m [90m[39m
[35m[HTTP][39m [37m-->[39m [37mPOST[39m [37m/wd/hub/session/62285401-5011-4aa2-9ace-970b2d627cc8/element/00000000-0000-038c-0000-001a00000003/value[39m
[35m[HTTP][39m [90m{"id":"00000000-0000-038c-0000-001a00000003","text":"4","value":["4"]}[39m
[35m[HTTP][39m [37m<-- POST /wd/hub/session/62285401-5011-4aa2-9ace-970b2d627cc8/element/00000000-0000-038c-0000-001a00000003/value [39m[32m200[39m [90m62 ms - 14[39m
[35m[HTTP][39m [90m[39m
[35m[HTTP][39m [37m-->[39m [37mPOST[39m [37m/wd/hub/session/62285401-5011-4aa2-9ace-970b2d627cc8/timeouts[39m
[35m[HTTP][39m [90m{"implicit":50}[39m
[35m[HTTP][39m [37m<-- POST /wd/hub/session/62285401-5011-4aa2-9ace-970b2d627cc8/timeouts [39m[32m200[39m [90m1 ms - 14[39m
[35m[HTTP][39m [90m[39m
[35m[HTTP][39m [37m-->[39m [37mGET[39m [37m/wd/hub/session/62285401-5011-4aa2-9ace-970b2d627cc8/window/rect[39m
[35m[HTTP][39m [90m{}[39m
[35m[HTTP][39m [37m<-- GET /wd/hub/session/62285401-5011-4aa2-9ace-970b2d627cc8/window/rect [39m[32m200[39m [90m41 ms - 49[39m
[35m[HTTP][39m [90m[39m
[35m[HTTP][39m [37m-->[39m [37mPOST[39m [37m/wd/hub/session/62285401-5011-4aa2-9ace-970b2d627cc8/elements[39m
[35m[HTTP][39m [90m{"using":"xpath","value":"//hierarchy/android.widget.FrameLayout[1]/android.widget.LinearLayout[1]/android.widget.FrameLayout[1]/android.widget.FrameLayout[1]/android.view.View[1]/android.view.View[1]/android.view.View[1]/android.view.View[1]/android.view.View[1]/android.view.View[1]/android.view.View[1]/android.view.View[3]/android.widget.EditText[1]"}[39m
[35m[HTTP][39m [37m<-- POST /wd/hub/session/62285401-5011-4aa2-9ace-970b2d627cc8/elements [39m[32m200[39m [90m2105 ms - 12[39m
[35m[HTTP][39m [90m[39m
[35m[HTTP][39m [37m-->[39m [37mPOST[39m [37m/wd/hub/session/62285401-5011-4aa2-9ace-970b2d627cc8/elements[39m
[35m[HTTP][39m [90m{"using":"xpath","value":"//hierarchy/android.widget.FrameLayout[1]/android.widget.LinearLayout[1]/android.widget.FrameLayout[1]/android.widget.FrameLayout[1]/android.view.View[1]/android.view.View[1]/android.view.View[1]/android.view.View[1]/android.view.View[1]/android.view.View[1]/android.view.View[1]/android.view.View[3]/android.widget.EditText[1]"}[39m
[35m[HTTP][39m [37m<-- POST /wd/hub/session/62285401-5011-4aa2-9ace-970b2d627cc8/elements [39m[32m200[39m [90m754 ms - 12[39m
[35m[HTTP][39m [90m[39m
[35m[HTTP][39m [37m-->[39m [37mPOST[39m [37m/wd/hub/session/62285401-5011-4aa2-9ace-970b2d627cc8/elements[39m
[35m[HTTP][39m [90m{"using":"xpath","value":"//hierarchy/android.widget.FrameLayout[1]/android.widget.LinearLayout[1]/android.widget.FrameLayout[1]/android.widget.FrameLayout[1]/android.view.View[1]/android.view.View[1]/android.view.View[1]/android.view.View[1]/android.view.View[1]/android.view.View[1]/android.view.View[1]/android.view.View[3]/android.widget.EditText[1]"}[39m
[35m[HTTP][39m [37m<-- POST /wd/hub/session/62285401-5011-4aa2-9ace-970b2d627cc8/elements [39m[32m200[39m [90m722 ms - 12[39m
[35m[HTTP][39m [90m[39m
[35m[HTTP][39m [37m-->[39m [37mPOST[39m [37m/wd/hub/session/62285401-5011-4aa2-9ace-970b2d627cc8/elements[39m
[35m[HTTP][39m [90m{"using":"xpath","value":"//hierarchy/android.widget.FrameLayout[1]/android.widget.LinearLayout[1]/android.widget.FrameLayout[1]/android.widget.FrameLayout[1]/android.view.View[1]/android.view.View[1]/android.view.View[1]/android.view.View[1]/android.view.View[1]/android.view.View[1]/android.view.View[1]/android.view.View[3]/android.widget.EditText[1]"}[39m
[35m[HTTP][39m [37m<-- POST /wd/hub/session/62285401-5011-4aa2-9ace-970b2d627cc8/elements [39m[32m200[39m [90m672 ms - 12[39m
[35m[HTTP][39m [90m[39m
[35m[HTTP][39m [37m-->[39m [37mPOST[39m [37m/wd/hub/session/62285401-5011-4aa2-9ace-970b2d627cc8/elements[39m
[35m[HTTP][39m [90m{"using":"xpath","value":"//hierarchy/android.widget.FrameLayout[1]/android.widget.LinearLayout[1]/android.widget.FrameLayout[1]/android.widget.FrameLayout[1]/android.view.View[1]/android.view.View[1]/android.view.View[1]/android.view.View[1]/android.view.View[1]/android.view.View[1]/android.view.View[1]/android.view.View[3]/android.widget.EditText[1]"}[39m
[35m[HTTP][39m [37m<-- POST /wd/hub/session/62285401-5011-4aa2-9ace-970b2d627cc8/elements [39m[32m200[39m [90m673 ms - 12[39m
[35m[HTTP][39m [90m[39m
[35m[HTTP][39m [37m-->[39m [37mPOST[39m [37m/wd/hub/session/62285401-5011-4aa2-9ace-970b2d627cc8/elements[39m
[35m[HTTP][39m [90m{"using":"xpath","value":"//hierarchy/android.widget.FrameLayout[1]/android.widget.LinearLayout[1]/android.widget.FrameLayout[1]/android.widget.FrameLayout[1]/android.view.View[1]/android.view.View[1]/android.view.View[1]/android.view.View[1]/android.view.View[1]/android.view.View[1]/android.view.View[1]/android.view.View[3]/android.widget.EditText[1]"}[39m
[35m[HTTP][39m [37m<-- POST /wd/hub/session/62285401-5011-4aa2-9ace-970b2d627cc8/elements [39m[32m200[39m [90m660 ms - 12[39m
[35m[HTTP][39m [90m[39m
[35m[HTTP][39m [37m-->[39m [37mPOST[39m [37m/wd/hub/session/62285401-5011-4aa2-9ace-970b2d627cc8/elements[39m
[35m[HTTP][39m [90m{"using":"xpath","value":"//hierarchy/android.widget.FrameLayout[1]/android.widget.LinearLayout[1]/android.widget.FrameLayout[1]/android.widget.FrameLayout[1]/android.view.View[1]/android.view.View[1]/android.view.View[1]/android.view.View[1]/android.view.View[1]/android.view.View[1]/android.view.View[1]/android.view.View[3]/android.widget.EditText[1]"}[39m
[35m[HTTP][39m [37m<-- POST /wd/hub/session/62285401-5011-4aa2-9ace-970b2d627cc8/elements [39m[32m200[39m [90m626 ms - 12[39m
[35m[HTTP][39m [90m[39m
[35m[HTTP][39m [37m-->[39m [37mPOST[39m [37m/wd/hub/session/62285401-5011-4aa2-9ace-970b2d627cc8/elements[39m
[35m[HTTP][39m [90m{"using":"xpath","value":"//hierarchy/android.widget.FrameLayout[1]/android.widget.LinearLayout[1]/android.widget.FrameLayout[1]/android.widget.FrameLayout[1]/android.view.View[1]/android.view.View[1]/android.view.View[1]/android.view.View[1]/android.view.View[1]/android.view.View[1]/android.view.View[1]/android.view.View[3]/android.widget.EditText[1]"}[39m
[35m[HTTP][39m [37m<-- POST /wd/hub/session/62285401-5011-4aa2-9ace-970b2d627cc8/elements [39m[32m200[39m [90m653 ms - 12[39m
[35m[HTTP][39m [90m[39m
[35m[HTTP][39m [37m-->[39m [37mPOST[39m [37m/wd/hub/session/62285401-5011-4aa2-9ace-970b2d627cc8/elements[39m
[35m[HTTP][39m [90m{"using":"xpath","value":"//hierarchy/android.widget.FrameLayout[1]/android.widget.LinearLayout[1]/android.widget.FrameLayout[1]/android.widget.FrameLayout[1]/android.view.View[1]/android.view.View[1]/android.view.View[1]/android.view.View[1]/android.view.View[1]/android.view.View[1]/android.view.View[1]/android.view.View[3]/android.widget.EditText[1]"}[39m
[35m[HTTP][39m [37m<-- POST /wd/hub/session/62285401-5011-4aa2-9ace-970b2d627cc8/elements [39m[32m200[39m [90m706 ms - 12[39m
[35m[HTTP][39m [90m[39m
[35m[HTTP][39m [37m-->[39m [37mPOST[39m [37m/wd/hub/session/62285401-5011-4aa2-9ace-970b2d627cc8/elements[39m
[35m[HTTP][39m [90m{"using":"xpath","value":"//hierarchy/android.widget.FrameLayout[1]/android.widget.LinearLayout[1]/android.widget.FrameLayout[1]/android.widget.FrameLayout[1]/android.view.View[1]/android.view.View[1]/android.view.View[1]/android.view.View[1]/android.view.View[1]/android.view.View[1]/android.view.View[1]/android.view.View[3]/android.widget.EditText[1]"}[39m
[35m[HTTP][39m [37m<-- POST /wd/hub/session/62285401-5011-4aa2-9ace-970b2d627cc8/elements [39m[32m-[39m [90m- ms - -[39m
[35m[HTTP][39m [90m[39m
