[35m[Appium][39m Welcome to Appium v1.22.3
[35m[Appium][39m Non-default server args:
[35m[Appium][39m   port: 58960
[35m[Appium][39m   loglevel: info
[35m[Appium][39m   tmpDir: C:\Users\SUSHIL~1.GAI\AppData\Local\Temp\\Katalon\Appium\Temp1712313430399
[35m[Appium][39m Appium REST http interface listener started on 0.0.0.0:58960
[35m[HTTP][39m [37m-->[39m [37mGET[39m [37m/wd/hub/status[39m
[35m[HTTP][39m [90m{}[39m
[35m[HTTP][39m [37m<-- GET /wd/hub/status [39m[32m200[39m [90m7 ms - 68[39m
[35m[HTTP][39m [90m[39m
[35m[HTTP][39m [37m-->[39m [37mGET[39m [37m/wd/hub/status[39m
[35m[HTTP][39m [90m{}[39m
[35m[HTTP][39m [37m<-- GET /wd/hub/status [39m[32m200[39m [90m2 ms - 68[39m
[35m[HTTP][39m [90m[39m
[35m[HTTP][39m [37m-->[39m [37mPOST[39m [37m/wd/hub/session[39m
[35m[HTTP][39m [90m{"desiredCapabilities":{"appActivity":".Settings","appPackage":"com.android.settings","newCommandTimeout":1800,"platformVersion":"13","automationName":"uiautomator2","autoGrantPermissions":true,"platformName":"Android","udid":"R9ZT10H9Y2L","deviceId":"R9ZT10H9Y2L","deviceName":"samsung SM-A032F (Android 13)","systemPort":8247},"capabilities":{"firstMatch":[{"appium:appActivity":".Settings","appium:appPackage":"com.android.settings","appium:autoGrantPermissions":true,"appium:automationName":"uiautomator2","deviceId":"R9ZT10H9Y2L","appium:deviceName":"samsung SM-A032F (Android 13)","appium:newCommandTimeout":1800,"platformName":"android","appium:platformVersion":"13","appium:systemPort":8247,"appium:udid":"R9ZT10H9Y2L"}]}}[39m
[35m[BaseDriver][39m The following capabilities are not standard capabilities and should have an extension prefix:
[35m[BaseDriver][39m   deviceId
[35m[Appium][39m Appium v1.22.3 creating new AndroidUiautomator2Driver (v1.70.1) session
[35m[BaseDriver][39m The following capabilities were provided, but are not recognized by Appium:
[35m[BaseDriver][39m   deviceId
[35m[BaseDriver][39m Session created with session id: 7286c5ab-87b1-4a7a-a246-8e8fa4aba153
[35m[UiAutomator2][39m Starting 'com.android.settings' directly on the device
[35m[ADB][39m Found 1 'build-tools' folders under 'C:\Users\sushil.gaikwad\AppData\Local\Android\Sdk' (newest first):
[35m[ADB][39m     C:/Users/sushil.gaikwad/AppData/Local/Android/Sdk/build-tools/33.0.2
[35m[ADB][39m Using 'adb.exe' from 'C:\Users\sushil.gaikwad\AppData\Local\Android\Sdk\platform-tools\adb.exe'
[35m[AndroidDriver][39m Retrieving device list
[35m[AndroidDriver][39m Using device: R9ZT10H9Y2L
[35m[ADB][39m Using 'adb.exe' from 'C:\Users\sushil.gaikwad\AppData\Local\Android\Sdk\platform-tools\adb.exe'
[35m[ADB][39m Getting device platform version
[35m[UiAutomator2][39m Relaxing hidden api policy
[35m[AndroidDriver][39m No app sent in, not parsing package/activity
[35m[ADB][39m Using 'apksigner.jar' from 'C:\Users\sushil.gaikwad\AppData\Local\Android\Sdk\build-tools\33.0.2\lib\apksigner.jar'
[35m[ADB][39m 'C:\Users\sushil.gaikwad\AppData\Roaming\npm\node_modules\appium\node_modules\appium-uiautomator2-server\apks\appium-uiautomator2-server-v4.27.0.apk' is signed with the default certificate
[35m[ADB][39m 'C:\Users\sushil.gaikwad\AppData\Roaming\npm\node_modules\appium\node_modules\appium-uiautomator2-server\apks\appium-uiautomator2-server-debug-androidTest.apk' is signed with the default certificate
[35m[UiAutomator2][39m Server packages are not going to be (re)installed
[35m[ADB][39m Adding packages ["io.appium.settings","io.appium.uiautomator2.server","io.appium.uiautomator2.server.test"] to Doze whitelist
[35m[UiAutomator2][39m Starting UIAutomator2 server 4.27.0
[35m[UiAutomator2][39m Using UIAutomator2 server from 'C:\Users\sushil.gaikwad\AppData\Roaming\npm\node_modules\appium\node_modules\appium-uiautomator2-server\apks\appium-uiautomator2-server-v4.27.0.apk' and test from 'C:\Users\sushil.gaikwad\AppData\Roaming\npm\node_modules\appium\node_modules\appium-uiautomator2-server\apks\appium-uiautomator2-server-debug-androidTest.apk'
[35m[UiAutomator2][39m Waiting up to 30000ms for UiAutomator2 to be online...
[35m[WD Proxy][39m socket hang up
[35m[WD Proxy][39m socket hang up
[35m[WD Proxy][39m socket hang up
[35m[WD Proxy][39m socket hang up
[35m[WD Proxy][39m socket hang up
[35m[WD Proxy][39m Determined the downstream protocol as 'W3C'
[35m[AndroidDriver][39m Screen already unlocked, doing nothing
[35m[UiAutomator2][39m Starting 'com.android.settings/.Settings and waiting for 'com.android.settings/.Settings'
[35m[Appium][39m New AndroidUiautomator2Driver session created successfully, session 7286c5ab-87b1-4a7a-a246-8e8fa4aba153 added to master session list
[35m[HTTP][39m [37m<-- POST /wd/hub/session [39m[32m200[39m [90m12853 ms - 1129[39m
[35m[HTTP][39m [90m[39m
[35m[HTTP][39m [37m-->[39m [37mGET[39m [37m/wd/hub/session/7286c5ab-87b1-4a7a-a246-8e8fa4aba153[39m
[35m[HTTP][39m [90m{}[39m
[35m[HTTP][39m [37m<-- GET /wd/hub/session/7286c5ab-87b1-4a7a-a246-8e8fa4aba153 [39m[32m200[39m [90m53 ms - 1083[39m
[35m[HTTP][39m [90m[39m
[35m[HTTP][39m [37m-->[39m [37mGET[39m [37m/wd/hub/session/7286c5ab-87b1-4a7a-a246-8e8fa4aba153[39m
[35m[HTTP][39m [90m{}[39m
[35m[HTTP][39m [37m<-- GET /wd/hub/session/7286c5ab-87b1-4a7a-a246-8e8fa4aba153 [39m[32m200[39m [90m42 ms - 1083[39m
[35m[HTTP][39m [90m[39m
[35m[HTTP][39m [37m-->[39m [37mGET[39m [37m/wd/hub/status[39m
[35m[HTTP][39m [90m{}[39m
[35m[HTTP][39m [37m<-- GET /wd/hub/status [39m[32m200[39m [90m1 ms - 68[39m
[35m[HTTP][39m [90m[39m
[35m[HTTP][39m [37m-->[39m [37mPOST[39m [37m/wd/hub/session/7286c5ab-87b1-4a7a-a246-8e8fa4aba153/timeouts[39m
[35m[HTTP][39m [90m{"implicit":60000}[39m
[35m[HTTP][39m [37m<-- POST /wd/hub/session/7286c5ab-87b1-4a7a-a246-8e8fa4aba153/timeouts [39m[32m200[39m [90m4 ms - 14[39m
[35m[HTTP][39m [90m[39m
[35m[HTTP][39m [37m-->[39m [37mGET[39m [37m/wd/hub/session/7286c5ab-87b1-4a7a-a246-8e8fa4aba153/appium/device/system_bars[39m
[35m[HTTP][39m [90m{}[39m
[35m[HTTP][39m [37m<-- GET /wd/hub/session/7286c5ab-87b1-4a7a-a246-8e8fa4aba153/appium/device/system_bars [39m[32m200[39m [90m201 ms - 145[39m
[35m[HTTP][39m [90m[39m
[35m[HTTP][39m [37m-->[39m [37mPOST[39m [37m/wd/hub/session/7286c5ab-87b1-4a7a-a246-8e8fa4aba153/execute/sync[39m
[35m[HTTP][39m [90m{"script":"mobile:viewportRect","args":[]}[39m
[35m[AndroidDriver][39m Executing native command 'mobile:viewportRect'
[35m[HTTP][39m [37m<-- POST /wd/hub/session/7286c5ab-87b1-4a7a-a246-8e8fa4aba153/execute/sync [39m[32m200[39m [90m54 ms - 55[39m
[35m[HTTP][39m [90m[39m
[35m[HTTP][39m [37m-->[39m [37mPOST[39m [37m/wd/hub/session/7286c5ab-87b1-4a7a-a246-8e8fa4aba153/appium/device/activate_app[39m
[35m[HTTP][39m [90m{"bundleId":"com.tatamotors.egurusmart"}[39m
[35m[HTTP][39m [37m<-- POST /wd/hub/session/7286c5ab-87b1-4a7a-a246-8e8fa4aba153/appium/device/activate_app [39m[32m200[39m [90m834 ms - 14[39m
[35m[HTTP][39m [90m[39m
[35m[HTTP][39m [37m-->[39m [37mGET[39m [37m/wd/hub/session/7286c5ab-87b1-4a7a-a246-8e8fa4aba153/source[39m
[35m[HTTP][39m [90m{}[39m
[35m[W3C (7286c5ab)][39m Driver proxy active, passing request on via HTTP proxy
[35m[WD Proxy][39m Replacing sessionId 98258d5a-71a1-44fe-b875-3c67ac4cc65a with 7286c5ab-87b1-4a7a-a246-8e8fa4aba153
[35m[HTTP][39m [37m<-- GET /wd/hub/session/7286c5ab-87b1-4a7a-a246-8e8fa4aba153/source [39m[32m200[39m [90m1289 ms - 17823[39m
[35m[HTTP][39m [90m[39m
[35m[HTTP][39m [37m-->[39m [37mGET[39m [37m/wd/hub/session/7286c5ab-87b1-4a7a-a246-8e8fa4aba153/screenshot[39m
[35m[HTTP][39m [90m{}[39m
[35m[HTTP][39m [37m<-- GET /wd/hub/session/7286c5ab-87b1-4a7a-a246-8e8fa4aba153/screenshot [39m[32m200[39m [90m1312 ms - 140524[39m
[35m[HTTP][39m [90m[39m
[35m[HTTP][39m [37m-->[39m [37mPOST[39m [37m/wd/hub/session/7286c5ab-87b1-4a7a-a246-8e8fa4aba153/elements[39m
[35m[HTTP][39m [90m{"using":"xpath","value":"//*[@class = 'android.widget.ImageView' and @resource-id = '' and (@text = '' or . = '')]"}[39m
[35m[HTTP][39m [37m<-- POST /wd/hub/session/7286c5ab-87b1-4a7a-a246-8e8fa4aba153/elements [39m[32m200[39m [90m4716 ms - 1291[39m
[35m[HTTP][39m [90m[39m
[35m[HTTP][39m [37m-->[39m [37mPOST[39m [37m/wd/hub/session/7286c5ab-87b1-4a7a-a246-8e8fa4aba153/elements[39m
[35m[HTTP][39m [90m{"using":"accessibility id","value":"Verified\n75"}[39m
[35m[HTTP][39m [37m<-- POST /wd/hub/session/7286c5ab-87b1-4a7a-a246-8e8fa4aba153/elements [39m[32m200[39m [90m157 ms - 139[39m
[35m[HTTP][39m [90m[39m
[35m[HTTP][39m [37m-->[39m [37mGET[39m [37m/wd/hub/session/7286c5ab-87b1-4a7a-a246-8e8fa4aba153/window/rect[39m
[35m[HTTP][39m [90m{}[39m
[35m[HTTP][39m [37m<-- GET /wd/hub/session/7286c5ab-87b1-4a7a-a246-8e8fa4aba153/window/rect [39m[32m200[39m [90m49 ms - 49[39m
[35m[HTTP][39m [90m[39m
[35m[HTTP][39m [37m-->[39m [37mPOST[39m [37m/wd/hub/session/7286c5ab-87b1-4a7a-a246-8e8fa4aba153/elements[39m
[35m[HTTP][39m [90m{"using":"accessibility id","value":"Verified\n75"}[39m
[35m[HTTP][39m [37m<-- POST /wd/hub/session/7286c5ab-87b1-4a7a-a246-8e8fa4aba153/elements [39m[32m200[39m [90m156 ms - 139[39m
[35m[HTTP][39m [90m[39m
[35m[HTTP][39m [37m-->[39m [37mGET[39m [37m/wd/hub/session/7286c5ab-87b1-4a7a-a246-8e8fa4aba153/element/00000000-0000-0519-0000-00c60000000a/location[39m
[35m[HTTP][39m [90m{}[39m
[35m[W3C (7286c5ab)][39m Driver proxy active, passing request on via HTTP proxy
[35m[WD Proxy][39m Replacing sessionId 98258d5a-71a1-44fe-b875-3c67ac4cc65a with 7286c5ab-87b1-4a7a-a246-8e8fa4aba153
[35m[HTTP][39m [37m<-- GET /wd/hub/session/7286c5ab-87b1-4a7a-a246-8e8fa4aba153/element/00000000-0000-0519-0000-00c60000000a/location [39m[32m200[39m [90m69 ms - 78[39m
[35m[HTTP][39m [90m[39m
[35m[HTTP][39m [37m-->[39m [37mPOST[39m [37m/wd/hub/session/7286c5ab-87b1-4a7a-a246-8e8fa4aba153/element/00000000-0000-0519-0000-00c60000000a/click[39m
[35m[HTTP][39m [90m{"id":"00000000-0000-0519-0000-00c60000000a"}[39m
[35m[HTTP][39m [37m<-- POST /wd/hub/session/7286c5ab-87b1-4a7a-a246-8e8fa4aba153/element/00000000-0000-0519-0000-00c60000000a/click [39m[32m200[39m [90m112 ms - 14[39m
[35m[HTTP][39m [90m[39m
[35m[HTTP][39m [37m-->[39m [37mGET[39m [37m/wd/hub/session/7286c5ab-87b1-4a7a-a246-8e8fa4aba153/source[39m
[35m[HTTP][39m [90m{}[39m
[35m[W3C (7286c5ab)][39m Driver proxy active, passing request on via HTTP proxy
[35m[WD Proxy][39m Replacing sessionId 98258d5a-71a1-44fe-b875-3c67ac4cc65a with 7286c5ab-87b1-4a7a-a246-8e8fa4aba153
[35m[HTTP][39m [37m<-- GET /wd/hub/session/7286c5ab-87b1-4a7a-a246-8e8fa4aba153/source [39m[32m200[39m [90m701 ms - 17823[39m
[35m[HTTP][39m [90m[39m
[35m[HTTP][39m [37m-->[39m [37mGET[39m [37m/wd/hub/session/7286c5ab-87b1-4a7a-a246-8e8fa4aba153/screenshot[39m
[35m[HTTP][39m [90m{}[39m
[35m[HTTP][39m [37m<-- GET /wd/hub/session/7286c5ab-87b1-4a7a-a246-8e8fa4aba153/screenshot [39m[32m200[39m [90m1171 ms - 139624[39m
[35m[HTTP][39m [90m[39m
[35m[HTTP][39m [37m-->[39m [37mDELETE[39m [37m/wd/hub/session/7286c5ab-87b1-4a7a-a246-8e8fa4aba153[39m
[35m[HTTP][39m [90m{}[39m
[35m[Appium][39m Removing session 7286c5ab-87b1-4a7a-a246-8e8fa4aba153 from our master session list
[35m[UiAutomator2][39m Restoring hidden api policy to the device default configuration
[35m[HTTP][39m [37m<-- DELETE /wd/hub/session/7286c5ab-87b1-4a7a-a246-8e8fa4aba153 [39m[32m200[39m [90m623 ms - 14[39m
[35m[HTTP][39m [90m[39m
