[35m[Appium][39m Welcome to Appium v1.22.3
[35m[Appium][39m Non-default server args:
[35m[Appium][39m   port: 63787
[35m[Appium][39m   loglevel: info
[35m[Appium][39m   tmpDir: C:\Users\A\AppData\Local\Temp\\Katalon\Appium\Temp1711436777367
[35m[Appium][39m   chromedriverPort: 63788
[35m[Appium][39m Deprecated server args:
[35m[Appium][39m   [31m--chromedriver-port[39m => --default-capabilities
[35m[Appium][39m Default capabilities, which will be added to each request unless overridden by desired capabilities:
[35m[Appium][39m   chromedriverPort: 63788
[35m[Appium][39m Appium REST http interface listener started on 0.0.0.0:63787
[35m[HTTP][39m [37m-->[39m [37mGET[39m [37m/wd/hub/status[39m
[35m[HTTP][39m [90m{}[39m
[35m[HTTP][39m [37m<-- GET /wd/hub/status [39m[32m200[39m [90m4 ms - 68[39m
[35m[HTTP][39m [90m[39m
[35m[HTTP][39m [37m-->[39m [37mPOST[39m [37m/wd/hub/session[39m
[35m[HTTP][39m [90m{"desiredCapabilities":{"app":"C:\\Users\\A\\Katalon Studio\\tatamotarsdemo\\Application\\app-release (4).apk","noReset":true,"deviceId":"R9ZT10H9Y2L","deviceName":"samsung SM-A032F (Android 13)","fullReset":false,"platform":"ANDROID","newCommandTimeout":1800,"platformVersion":"13","automationName":"uiautomator2","autoGrantPermissions":true,"platformName":"Android","udid":"R9ZT10H9Y2L","systemPort":63786},"capabilities":{"firstMatch":[{"appium:app":"C:\\Users\\A\\Katalon Studio\\tatamotarsdemo\\Application\\app-release (4).apk","appium:autoGrantPermissions":true,"appium:automationName":"uiautomator2","deviceId":"R9ZT10H9Y2L","appium:deviceName":"samsung SM-A032F (Android 13)","appium:fullReset":false,"appium:newCommandTimeout":1800,"appium:noReset":true,"platform":"ANDROID","platformName":"android","appium:platformVersion":"13","appium:systemPort":63786,"appium:udid":"R9ZT10H9Y2L"}]}}[39m
[35m[BaseDriver][39m The following capabilities are not standard capabilities and should have an extension prefix:
[35m[BaseDriver][39m   deviceId
[35m[BaseDriver][39m   platform
[35m[BaseDriver][39m   chromedriverPort
[35m[Appium][39m Appium v1.22.3 creating new AndroidUiautomator2Driver (v1.70.1) session
[35m[BaseDriver][39m The following capabilities were provided, but are not recognized by Appium:
[35m[BaseDriver][39m   deviceId
[35m[BaseDriver][39m   platform
[35m[BaseDriver][39m Session created with session id: 8b79cb52-0d6a-4dfa-a7f5-a72fe1d9d77f
[35m[BaseDriver][39m Using local app 'C:\Users\A\Katalon Studio\tatamotarsdemo\Application\app-release (4).apk'
[35m[ADB][39m Found 1 'build-tools' folders under 'C:\Users\A\AppData\Local\Android\Sdk' (newest first):
[35m[ADB][39m     C:/Users/A/AppData/Local/Android/Sdk/build-tools/34.0.0
[35m[ADB][39m Using 'adb.exe' from 'C:\Users\A\AppData\Local\Android\Sdk\platform-tools\adb.exe'
[35m[AndroidDriver][39m Retrieving device list
[35m[AndroidDriver][39m Using device: R9ZT10H9Y2L
[35m[ADB][39m Using 'adb.exe' from 'C:\Users\A\AppData\Local\Android\Sdk\platform-tools\adb.exe'
[35m[ADB][39m Getting device platform version
[35m[UiAutomator2][39m Relaxing hidden api policy
[35m[ADB][39m Package name: 'com.tatamotors.egurusmart'
[35m[ADB][39m Main activity name: 'com.tatamotors.egurusmart.MainActivity'
[35m[ADB][39m Using 'apksigner.jar' from 'C:\Users\A\AppData\Local\Android\Sdk\build-tools\34.0.0\lib\apksigner.jar'
[35m[ADB][39m 'C:\Users\A\AppData\Roaming\npm\node_modules\appium\node_modules\appium-uiautomator2-server\apks\appium-uiautomator2-server-v4.27.0.apk' is signed with the default certificate
[35m[ADB][39m 'C:\Users\A\AppData\Roaming\npm\node_modules\appium\node_modules\appium-uiautomator2-server\apks\appium-uiautomator2-server-debug-androidTest.apk' is signed with the default certificate
[35m[UiAutomator2][39m Server packages are not going to be (re)installed
[35m[ADB][39m Adding packages ["io.appium.settings","io.appium.uiautomator2.server","io.appium.uiautomator2.server.test"] to Doze whitelist
[35m[ADB][39m 'C:\Users\A\Katalon Studio\tatamotarsdemo\Application\app-release (4).apk' is signed with a non-default certificate
[35m[UiAutomator2][39m Starting UIAutomator2 server 4.27.0
[35m[UiAutomator2][39m Using UIAutomator2 server from 'C:\Users\A\AppData\Roaming\npm\node_modules\appium\node_modules\appium-uiautomator2-server\apks\appium-uiautomator2-server-v4.27.0.apk' and test from 'C:\Users\A\AppData\Roaming\npm\node_modules\appium\node_modules\appium-uiautomator2-server\apks\appium-uiautomator2-server-debug-androidTest.apk'
[35m[UiAutomator2][39m Waiting up to 30000ms for UiAutomator2 to be online...
[35m[WD Proxy][39m socket hang up
[35m[WD Proxy][39m socket hang up
[35m[WD Proxy][39m socket hang up
[35m[WD Proxy][39m socket hang up
[35m[WD Proxy][39m Determined the downstream protocol as 'W3C'
[35m[AndroidDriver][39m Screen already unlocked, doing nothing
[35m[UiAutomator2][39m Starting 'com.tatamotors.egurusmart/com.tatamotors.egurusmart.MainActivity and waiting for 'com.tatamotors.egurusmart/com.tatamotors.egurusmart.MainActivity'
[35m[Appium][39m New AndroidUiautomator2Driver session created successfully, session 8b79cb52-0d6a-4dfa-a7f5-a72fe1d9d77f added to master session list
[35m[HTTP][39m [37m<-- POST /wd/hub/session [39m[32m200[39m [90m12464 ms - 1361[39m
[35m[HTTP][39m [90m[39m
[35m[HTTP][39m [37m-->[39m [37mGET[39m [37m/wd/hub/session/8b79cb52-0d6a-4dfa-a7f5-a72fe1d9d77f[39m
[35m[HTTP][39m [90m{}[39m
[35m[HTTP][39m [37m<-- GET /wd/hub/session/8b79cb52-0d6a-4dfa-a7f5-a72fe1d9d77f [39m[32m200[39m [90m41 ms - 1315[39m
[35m[HTTP][39m [90m[39m
[35m[HTTP][39m [37m-->[39m [37mGET[39m [37m/wd/hub/session/8b79cb52-0d6a-4dfa-a7f5-a72fe1d9d77f[39m
[35m[HTTP][39m [90m{}[39m
[35m[HTTP][39m [37m<-- GET /wd/hub/session/8b79cb52-0d6a-4dfa-a7f5-a72fe1d9d77f [39m[32m200[39m [90m39 ms - 1315[39m
[35m[HTTP][39m [90m[39m
[35m[HTTP][39m [37m-->[39m [37mGET[39m [37m/wd/hub/status[39m
[35m[HTTP][39m [90m{}[39m
[35m[HTTP][39m [37m<-- GET /wd/hub/status [39m[32m200[39m [90m1 ms - 68[39m
[35m[HTTP][39m [90m[39m
[35m[HTTP][39m [37m-->[39m [37mPOST[39m [37m/wd/hub/session/8b79cb52-0d6a-4dfa-a7f5-a72fe1d9d77f/timeouts[39m
[35m[HTTP][39m [90m{"implicit":30000}[39m
[35m[HTTP][39m [37m<-- POST /wd/hub/session/8b79cb52-0d6a-4dfa-a7f5-a72fe1d9d77f/timeouts [39m[32m200[39m [90m2 ms - 14[39m
[35m[HTTP][39m [90m[39m
[35m[HTTP][39m [37m-->[39m [37mGET[39m [37m/wd/hub/session/8b79cb52-0d6a-4dfa-a7f5-a72fe1d9d77f/screenshot[39m
[35m[HTTP][39m [90m{}[39m
[35m[HTTP][39m [37m<-- GET /wd/hub/session/8b79cb52-0d6a-4dfa-a7f5-a72fe1d9d77f/screenshot [39m[32m200[39m [90m2265 ms - 371798[39m
[35m[HTTP][39m [90m[39m
[35m[HTTP][39m [37m-->[39m [37mGET[39m [37m/wd/hub/session/8b79cb52-0d6a-4dfa-a7f5-a72fe1d9d77f/window/rect[39m
[35m[HTTP][39m [90m{}[39m
[35m[HTTP][39m [37m<-- GET /wd/hub/session/8b79cb52-0d6a-4dfa-a7f5-a72fe1d9d77f/window/rect [39m[32m200[39m [90m44 ms - 49[39m
[35m[HTTP][39m [90m[39m
[35m[HTTP][39m [37m-->[39m [37mGET[39m [37m/wd/hub/session/8b79cb52-0d6a-4dfa-a7f5-a72fe1d9d77f/appium/device/system_bars[39m
[35m[HTTP][39m [90m{}[39m
[35m[HTTP][39m [37m<-- GET /wd/hub/session/8b79cb52-0d6a-4dfa-a7f5-a72fe1d9d77f/appium/device/system_bars [39m[32m200[39m [90m161 ms - 145[39m
[35m[HTTP][39m [90m[39m
[35m[HTTP][39m [37m-->[39m [37mPOST[39m [37m/wd/hub/session/8b79cb52-0d6a-4dfa-a7f5-a72fe1d9d77f/timeouts[39m
[35m[HTTP][39m [90m{"implicit":50}[39m
[35m[HTTP][39m [37m<-- POST /wd/hub/session/8b79cb52-0d6a-4dfa-a7f5-a72fe1d9d77f/timeouts [39m[32m200[39m [90m3 ms - 14[39m
[35m[HTTP][39m [90m[39m
[35m[HTTP][39m [37m-->[39m [37mGET[39m [37m/wd/hub/session/8b79cb52-0d6a-4dfa-a7f5-a72fe1d9d77f/window/rect[39m
[35m[HTTP][39m [90m{}[39m
[35m[HTTP][39m [37m<-- GET /wd/hub/session/8b79cb52-0d6a-4dfa-a7f5-a72fe1d9d77f/window/rect [39m[32m200[39m [90m40 ms - 49[39m
[35m[HTTP][39m [90m[39m
[35m[HTTP][39m [37m-->[39m [37mPOST[39m [37m/wd/hub/session/8b79cb52-0d6a-4dfa-a7f5-a72fe1d9d77f/elements[39m
[35m[HTTP][39m [90m{"using":"accessibility id","value":"Username"}[39m
[35m[HTTP][39m [37m<-- POST /wd/hub/session/8b79cb52-0d6a-4dfa-a7f5-a72fe1d9d77f/elements [39m[32m200[39m [90m99 ms - 12[39m
[35m[HTTP][39m [90m[39m
[35m[HTTP][39m [37m-->[39m [37mPOST[39m [37m/wd/hub/session/8b79cb52-0d6a-4dfa-a7f5-a72fe1d9d77f/elements[39m
[35m[HTTP][39m [90m{"using":"accessibility id","value":"Username"}[39m
[35m[HTTP][39m [37m<-- POST /wd/hub/session/8b79cb52-0d6a-4dfa-a7f5-a72fe1d9d77f/elements [39m[32m200[39m [90m90 ms - 12[39m
[35m[HTTP][39m [90m[39m
[35m[HTTP][39m [37m-->[39m [37mPOST[39m [37m/wd/hub/session/8b79cb52-0d6a-4dfa-a7f5-a72fe1d9d77f/elements[39m
[35m[HTTP][39m [90m{"using":"accessibility id","value":"Username"}[39m
[35m[HTTP][39m [37m<-- POST /wd/hub/session/8b79cb52-0d6a-4dfa-a7f5-a72fe1d9d77f/elements [39m[32m200[39m [90m86 ms - 12[39m
[35m[HTTP][39m [90m[39m
[35m[HTTP][39m [37m-->[39m [37mPOST[39m [37m/wd/hub/session/8b79cb52-0d6a-4dfa-a7f5-a72fe1d9d77f/elements[39m
[35m[HTTP][39m [90m{"using":"accessibility id","value":"Username"}[39m
[35m[HTTP][39m [37m<-- POST /wd/hub/session/8b79cb52-0d6a-4dfa-a7f5-a72fe1d9d77f/elements [39m[32m200[39m [90m83 ms - 12[39m
[35m[HTTP][39m [90m[39m
[35m[HTTP][39m [37m-->[39m [37mPOST[39m [37m/wd/hub/session/8b79cb52-0d6a-4dfa-a7f5-a72fe1d9d77f/elements[39m
[35m[HTTP][39m [90m{"using":"accessibility id","value":"Username"}[39m
[35m[HTTP][39m [37m<-- POST /wd/hub/session/8b79cb52-0d6a-4dfa-a7f5-a72fe1d9d77f/elements [39m[32m200[39m [90m82 ms - 12[39m
[35m[HTTP][39m [90m[39m
[35m[HTTP][39m [37m-->[39m [37mPOST[39m [37m/wd/hub/session/8b79cb52-0d6a-4dfa-a7f5-a72fe1d9d77f/elements[39m
[35m[HTTP][39m [90m{"using":"accessibility id","value":"Username"}[39m
[35m[HTTP][39m [37m<-- POST /wd/hub/session/8b79cb52-0d6a-4dfa-a7f5-a72fe1d9d77f/elements [39m[32m200[39m [90m84 ms - 12[39m
[35m[HTTP][39m [90m[39m
[35m[HTTP][39m [37m-->[39m [37mPOST[39m [37m/wd/hub/session/8b79cb52-0d6a-4dfa-a7f5-a72fe1d9d77f/elements[39m
[35m[HTTP][39m [90m{"using":"accessibility id","value":"Username"}[39m
[35m[HTTP][39m [37m<-- POST /wd/hub/session/8b79cb52-0d6a-4dfa-a7f5-a72fe1d9d77f/elements [39m[32m200[39m [90m87 ms - 12[39m
[35m[HTTP][39m [90m[39m
[35m[HTTP][39m [37m-->[39m [37mPOST[39m [37m/wd/hub/session/8b79cb52-0d6a-4dfa-a7f5-a72fe1d9d77f/elements[39m
[35m[HTTP][39m [90m{"using":"accessibility id","value":"Username"}[39m
[35m[HTTP][39m [37m<-- POST /wd/hub/session/8b79cb52-0d6a-4dfa-a7f5-a72fe1d9d77f/elements [39m[32m200[39m [90m83 ms - 12[39m
[35m[HTTP][39m [90m[39m
[35m[HTTP][39m [37m-->[39m [37mPOST[39m [37m/wd/hub/session/8b79cb52-0d6a-4dfa-a7f5-a72fe1d9d77f/elements[39m
[35m[HTTP][39m [90m{"using":"accessibility id","value":"Username"}[39m
[35m[HTTP][39m [37m<-- POST /wd/hub/session/8b79cb52-0d6a-4dfa-a7f5-a72fe1d9d77f/elements [39m[32m200[39m [90m83 ms - 12[39m
[35m[HTTP][39m [90m[39m
[35m[HTTP][39m [37m-->[39m [37mPOST[39m [37m/wd/hub/session/8b79cb52-0d6a-4dfa-a7f5-a72fe1d9d77f/elements[39m
[35m[HTTP][39m [90m{"using":"accessibility id","value":"Username"}[39m
[35m[HTTP][39m [37m<-- POST /wd/hub/session/8b79cb52-0d6a-4dfa-a7f5-a72fe1d9d77f/elements [39m[32m200[39m [90m81 ms - 12[39m
[35m[HTTP][39m [90m[39m
[35m[HTTP][39m [37m-->[39m [37mPOST[39m [37m/wd/hub/session/8b79cb52-0d6a-4dfa-a7f5-a72fe1d9d77f/elements[39m
[35m[HTTP][39m [90m{"using":"accessibility id","value":"Username"}[39m
[35m[HTTP][39m [37m<-- POST /wd/hub/session/8b79cb52-0d6a-4dfa-a7f5-a72fe1d9d77f/elements [39m[32m200[39m [90m92 ms - 12[39m
[35m[HTTP][39m [90m[39m
[35m[HTTP][39m [37m-->[39m [37mPOST[39m [37m/wd/hub/session/8b79cb52-0d6a-4dfa-a7f5-a72fe1d9d77f/elements[39m
[35m[HTTP][39m [90m{"using":"accessibility id","value":"Username"}[39m
[35m[HTTP][39m [37m<-- POST /wd/hub/session/8b79cb52-0d6a-4dfa-a7f5-a72fe1d9d77f/elements [39m[32m200[39m [90m84 ms - 12[39m
[35m[HTTP][39m [90m[39m
[35m[HTTP][39m [37m-->[39m [37mPOST[39m [37m/wd/hub/session/8b79cb52-0d6a-4dfa-a7f5-a72fe1d9d77f/elements[39m
[35m[HTTP][39m [90m{"using":"accessibility id","value":"Username"}[39m
[35m[HTTP][39m [37m<-- POST /wd/hub/session/8b79cb52-0d6a-4dfa-a7f5-a72fe1d9d77f/elements [39m[32m200[39m [90m84 ms - 12[39m
[35m[HTTP][39m [90m[39m
[35m[HTTP][39m [37m-->[39m [37mPOST[39m [37m/wd/hub/session/8b79cb52-0d6a-4dfa-a7f5-a72fe1d9d77f/elements[39m
[35m[HTTP][39m [90m{"using":"accessibility id","value":"Username"}[39m
[35m[HTTP][39m [37m<-- POST /wd/hub/session/8b79cb52-0d6a-4dfa-a7f5-a72fe1d9d77f/elements [39m[32m200[39m [90m84 ms - 12[39m
[35m[HTTP][39m [90m[39m
[35m[HTTP][39m [37m-->[39m [37mPOST[39m [37m/wd/hub/session/8b79cb52-0d6a-4dfa-a7f5-a72fe1d9d77f/elements[39m
[35m[HTTP][39m [90m{"using":"accessibility id","value":"Username"}[39m
[35m[HTTP][39m [37m<-- POST /wd/hub/session/8b79cb52-0d6a-4dfa-a7f5-a72fe1d9d77f/elements [39m[32m200[39m [90m81 ms - 12[39m
[35m[HTTP][39m [90m[39m
[35m[HTTP][39m [37m-->[39m [37mPOST[39m [37m/wd/hub/session/8b79cb52-0d6a-4dfa-a7f5-a72fe1d9d77f/elements[39m
[35m[HTTP][39m [90m{"using":"accessibility id","value":"Username"}[39m
[35m[HTTP][39m [37m<-- POST /wd/hub/session/8b79cb52-0d6a-4dfa-a7f5-a72fe1d9d77f/elements [39m[32m200[39m [90m83 ms - 12[39m
[35m[HTTP][39m [90m[39m
[35m[HTTP][39m [37m-->[39m [37mPOST[39m [37m/wd/hub/session/8b79cb52-0d6a-4dfa-a7f5-a72fe1d9d77f/elements[39m
[35m[HTTP][39m [90m{"using":"accessibility id","value":"Username"}[39m
[35m[HTTP][39m [37m<-- POST /wd/hub/session/8b79cb52-0d6a-4dfa-a7f5-a72fe1d9d77f/elements [39m[32m200[39m [90m83 ms - 12[39m
[35m[HTTP][39m [90m[39m
[35m[HTTP][39m [37m-->[39m [37mPOST[39m [37m/wd/hub/session/8b79cb52-0d6a-4dfa-a7f5-a72fe1d9d77f/elements[39m
[35m[HTTP][39m [90m{"using":"accessibility id","value":"Username"}[39m
[35m[HTTP][39m [37m<-- POST /wd/hub/session/8b79cb52-0d6a-4dfa-a7f5-a72fe1d9d77f/elements [39m[32m200[39m [90m80 ms - 12[39m
[35m[HTTP][39m [90m[39m
[35m[HTTP][39m [37m-->[39m [37mPOST[39m [37m/wd/hub/session/8b79cb52-0d6a-4dfa-a7f5-a72fe1d9d77f/elements[39m
[35m[HTTP][39m [90m{"using":"accessibility id","value":"Username"}[39m
[35m[HTTP][39m [37m<-- POST /wd/hub/session/8b79cb52-0d6a-4dfa-a7f5-a72fe1d9d77f/elements [39m[32m200[39m [90m81 ms - 12[39m
[35m[HTTP][39m [90m[39m
[35m[HTTP][39m [37m-->[39m [37mPOST[39m [37m/wd/hub/session/8b79cb52-0d6a-4dfa-a7f5-a72fe1d9d77f/elements[39m
[35m[HTTP][39m [90m{"using":"accessibility id","value":"Username"}[39m
[35m[HTTP][39m [37m<-- POST /wd/hub/session/8b79cb52-0d6a-4dfa-a7f5-a72fe1d9d77f/elements [39m[32m200[39m [90m80 ms - 12[39m
[35m[HTTP][39m [90m[39m
[35m[HTTP][39m [37m-->[39m [37mPOST[39m [37m/wd/hub/session/8b79cb52-0d6a-4dfa-a7f5-a72fe1d9d77f/elements[39m
[35m[HTTP][39m [90m{"using":"accessibility id","value":"Username"}[39m
[35m[HTTP][39m [37m<-- POST /wd/hub/session/8b79cb52-0d6a-4dfa-a7f5-a72fe1d9d77f/elements [39m[32m200[39m [90m82 ms - 12[39m
[35m[HTTP][39m [90m[39m
[35m[HTTP][39m [37m-->[39m [37mPOST[39m [37m/wd/hub/session/8b79cb52-0d6a-4dfa-a7f5-a72fe1d9d77f/elements[39m
[35m[HTTP][39m [90m{"using":"accessibility id","value":"Username"}[39m
[35m[HTTP][39m [37m<-- POST /wd/hub/session/8b79cb52-0d6a-4dfa-a7f5-a72fe1d9d77f/elements [39m[32m200[39m [90m81 ms - 12[39m
[35m[HTTP][39m [90m[39m
[35m[HTTP][39m [37m-->[39m [37mPOST[39m [37m/wd/hub/session/8b79cb52-0d6a-4dfa-a7f5-a72fe1d9d77f/elements[39m
[35m[HTTP][39m [90m{"using":"accessibility id","value":"Username"}[39m
[35m[HTTP][39m [37m<-- POST /wd/hub/session/8b79cb52-0d6a-4dfa-a7f5-a72fe1d9d77f/elements [39m[32m200[39m [90m80 ms - 12[39m
[35m[HTTP][39m [90m[39m
[35m[HTTP][39m [37m-->[39m [37mPOST[39m [37m/wd/hub/session/8b79cb52-0d6a-4dfa-a7f5-a72fe1d9d77f/elements[39m
[35m[HTTP][39m [90m{"using":"accessibility id","value":"Username"}[39m
[35m[HTTP][39m [37m<-- POST /wd/hub/session/8b79cb52-0d6a-4dfa-a7f5-a72fe1d9d77f/elements [39m[32m200[39m [90m81 ms - 12[39m
[35m[HTTP][39m [90m[39m
[35m[HTTP][39m [37m-->[39m [37mPOST[39m [37m/wd/hub/session/8b79cb52-0d6a-4dfa-a7f5-a72fe1d9d77f/elements[39m
[35m[HTTP][39m [90m{"using":"accessibility id","value":"Username"}[39m
[35m[HTTP][39m [37m<-- POST /wd/hub/session/8b79cb52-0d6a-4dfa-a7f5-a72fe1d9d77f/elements [39m[32m200[39m [90m79 ms - 12[39m
[35m[HTTP][39m [90m[39m
[35m[HTTP][39m [37m-->[39m [37mPOST[39m [37m/wd/hub/session/8b79cb52-0d6a-4dfa-a7f5-a72fe1d9d77f/elements[39m
[35m[HTTP][39m [90m{"using":"accessibility id","value":"Username"}[39m
[35m[HTTP][39m [37m<-- POST /wd/hub/session/8b79cb52-0d6a-4dfa-a7f5-a72fe1d9d77f/elements [39m[32m200[39m [90m81 ms - 12[39m
[35m[HTTP][39m [90m[39m
[35m[HTTP][39m [37m-->[39m [37mPOST[39m [37m/wd/hub/session/8b79cb52-0d6a-4dfa-a7f5-a72fe1d9d77f/elements[39m
[35m[HTTP][39m [90m{"using":"accessibility id","value":"Username"}[39m
[35m[HTTP][39m [37m<-- POST /wd/hub/session/8b79cb52-0d6a-4dfa-a7f5-a72fe1d9d77f/elements [39m[32m200[39m [90m79 ms - 12[39m
[35m[HTTP][39m [90m[39m
[35m[HTTP][39m [37m-->[39m [37mPOST[39m [37m/wd/hub/session/8b79cb52-0d6a-4dfa-a7f5-a72fe1d9d77f/elements[39m
[35m[HTTP][39m [90m{"using":"accessibility id","value":"Username"}[39m
[35m[HTTP][39m [37m<-- POST /wd/hub/session/8b79cb52-0d6a-4dfa-a7f5-a72fe1d9d77f/elements [39m[32m200[39m [90m83 ms - 12[39m
[35m[HTTP][39m [90m[39m
[35m[HTTP][39m [37m-->[39m [37mPOST[39m [37m/wd/hub/session/8b79cb52-0d6a-4dfa-a7f5-a72fe1d9d77f/elements[39m
[35m[HTTP][39m [90m{"using":"accessibility id","value":"Username"}[39m
[35m[HTTP][39m [37m<-- POST /wd/hub/session/8b79cb52-0d6a-4dfa-a7f5-a72fe1d9d77f/elements [39m[32m200[39m [90m80 ms - 12[39m
[35m[HTTP][39m [90m[39m
[35m[HTTP][39m [37m-->[39m [37mPOST[39m [37m/wd/hub/session/8b79cb52-0d6a-4dfa-a7f5-a72fe1d9d77f/elements[39m
[35m[HTTP][39m [90m{"using":"accessibility id","value":"Username"}[39m
[35m[HTTP][39m [37m<-- POST /wd/hub/session/8b79cb52-0d6a-4dfa-a7f5-a72fe1d9d77f/elements [39m[32m200[39m [90m81 ms - 12[39m
[35m[HTTP][39m [90m[39m
[35m[HTTP][39m [37m-->[39m [37mPOST[39m [37m/wd/hub/session/8b79cb52-0d6a-4dfa-a7f5-a72fe1d9d77f/elements[39m
[35m[HTTP][39m [90m{"using":"accessibility id","value":"Username"}[39m
[35m[HTTP][39m [37m<-- POST /wd/hub/session/8b79cb52-0d6a-4dfa-a7f5-a72fe1d9d77f/elements [39m[32m200[39m [90m80 ms - 12[39m
[35m[HTTP][39m [90m[39m
[35m[HTTP][39m [37m-->[39m [37mPOST[39m [37m/wd/hub/session/8b79cb52-0d6a-4dfa-a7f5-a72fe1d9d77f/elements[39m
[35m[HTTP][39m [90m{"using":"accessibility id","value":"Username"}[39m
[35m[HTTP][39m [37m<-- POST /wd/hub/session/8b79cb52-0d6a-4dfa-a7f5-a72fe1d9d77f/elements [39m[32m200[39m [90m78 ms - 12[39m
[35m[HTTP][39m [90m[39m
[35m[HTTP][39m [37m-->[39m [37mPOST[39m [37m/wd/hub/session/8b79cb52-0d6a-4dfa-a7f5-a72fe1d9d77f/elements[39m
[35m[HTTP][39m [90m{"using":"accessibility id","value":"Username"}[39m
[35m[HTTP][39m [37m<-- POST /wd/hub/session/8b79cb52-0d6a-4dfa-a7f5-a72fe1d9d77f/elements [39m[32m200[39m [90m77 ms - 12[39m
[35m[HTTP][39m [90m[39m
[35m[HTTP][39m [37m-->[39m [37mPOST[39m [37m/wd/hub/session/8b79cb52-0d6a-4dfa-a7f5-a72fe1d9d77f/elements[39m
[35m[HTTP][39m [90m{"using":"accessibility id","value":"Username"}[39m
[35m[HTTP][39m [37m<-- POST /wd/hub/session/8b79cb52-0d6a-4dfa-a7f5-a72fe1d9d77f/elements [39m[32m200[39m [90m79 ms - 12[39m
[35m[HTTP][39m [90m[39m
[35m[HTTP][39m [37m-->[39m [37mPOST[39m [37m/wd/hub/session/8b79cb52-0d6a-4dfa-a7f5-a72fe1d9d77f/elements[39m
[35m[HTTP][39m [90m{"using":"accessibility id","value":"Username"}[39m
[35m[HTTP][39m [37m<-- POST /wd/hub/session/8b79cb52-0d6a-4dfa-a7f5-a72fe1d9d77f/elements [39m[32m200[39m [90m83 ms - 12[39m
[35m[HTTP][39m [90m[39m
[35m[HTTP][39m [37m-->[39m [37mPOST[39m [37m/wd/hub/session/8b79cb52-0d6a-4dfa-a7f5-a72fe1d9d77f/elements[39m
[35m[HTTP][39m [90m{"using":"accessibility id","value":"Username"}[39m
[35m[HTTP][39m [37m<-- POST /wd/hub/session/8b79cb52-0d6a-4dfa-a7f5-a72fe1d9d77f/elements [39m[32m200[39m [90m79 ms - 12[39m
[35m[HTTP][39m [90m[39m
[35m[HTTP][39m [37m-->[39m [37mPOST[39m [37m/wd/hub/session/8b79cb52-0d6a-4dfa-a7f5-a72fe1d9d77f/elements[39m
[35m[HTTP][39m [90m{"using":"accessibility id","value":"Username"}[39m
[35m[HTTP][39m [37m<-- POST /wd/hub/session/8b79cb52-0d6a-4dfa-a7f5-a72fe1d9d77f/elements [39m[32m200[39m [90m78 ms - 12[39m
[35m[HTTP][39m [90m[39m
[35m[HTTP][39m [37m-->[39m [37mPOST[39m [37m/wd/hub/session/8b79cb52-0d6a-4dfa-a7f5-a72fe1d9d77f/elements[39m
[35m[HTTP][39m [90m{"using":"accessibility id","value":"Username"}[39m
[35m[HTTP][39m [37m<-- POST /wd/hub/session/8b79cb52-0d6a-4dfa-a7f5-a72fe1d9d77f/elements [39m[32m200[39m [90m77 ms - 12[39m
[35m[HTTP][39m [90m[39m
[35m[HTTP][39m [37m-->[39m [37mPOST[39m [37m/wd/hub/session/8b79cb52-0d6a-4dfa-a7f5-a72fe1d9d77f/elements[39m
[35m[HTTP][39m [90m{"using":"accessibility id","value":"Username"}[39m
[35m[HTTP][39m [37m<-- POST /wd/hub/session/8b79cb52-0d6a-4dfa-a7f5-a72fe1d9d77f/elements [39m[32m200[39m [90m76 ms - 12[39m
[35m[HTTP][39m [90m[39m
[35m[HTTP][39m [37m-->[39m [37mPOST[39m [37m/wd/hub/session/8b79cb52-0d6a-4dfa-a7f5-a72fe1d9d77f/elements[39m
[35m[HTTP][39m [90m{"using":"accessibility id","value":"Username"}[39m
[35m[HTTP][39m [37m<-- POST /wd/hub/session/8b79cb52-0d6a-4dfa-a7f5-a72fe1d9d77f/elements [39m[32m200[39m [90m80 ms - 12[39m
[35m[HTTP][39m [90m[39m
[35m[HTTP][39m [37m-->[39m [37mPOST[39m [37m/wd/hub/session/8b79cb52-0d6a-4dfa-a7f5-a72fe1d9d77f/elements[39m
[35m[HTTP][39m [90m{"using":"accessibility id","value":"Username"}[39m
[35m[HTTP][39m [37m<-- POST /wd/hub/session/8b79cb52-0d6a-4dfa-a7f5-a72fe1d9d77f/elements [39m[32m200[39m [90m74 ms - 12[39m
[35m[HTTP][39m [90m[39m
[35m[HTTP][39m [37m-->[39m [37mPOST[39m [37m/wd/hub/session/8b79cb52-0d6a-4dfa-a7f5-a72fe1d9d77f/elements[39m
[35m[HTTP][39m [90m{"using":"accessibility id","value":"Username"}[39m
[35m[HTTP][39m [37m<-- POST /wd/hub/session/8b79cb52-0d6a-4dfa-a7f5-a72fe1d9d77f/elements [39m[32m200[39m [90m75 ms - 12[39m
[35m[HTTP][39m [90m[39m
[35m[HTTP][39m [37m-->[39m [37mPOST[39m [37m/wd/hub/session/8b79cb52-0d6a-4dfa-a7f5-a72fe1d9d77f/elements[39m
[35m[HTTP][39m [90m{"using":"accessibility id","value":"Username"}[39m
[35m[HTTP][39m [37m<-- POST /wd/hub/session/8b79cb52-0d6a-4dfa-a7f5-a72fe1d9d77f/elements [39m[32m200[39m [90m74 ms - 12[39m
[35m[HTTP][39m [90m[39m
[35m[HTTP][39m [37m-->[39m [37mPOST[39m [37m/wd/hub/session/8b79cb52-0d6a-4dfa-a7f5-a72fe1d9d77f/elements[39m
[35m[HTTP][39m [90m{"using":"accessibility id","value":"Username"}[39m
[35m[HTTP][39m [37m<-- POST /wd/hub/session/8b79cb52-0d6a-4dfa-a7f5-a72fe1d9d77f/elements [39m[32m200[39m [90m73 ms - 12[39m
[35m[HTTP][39m [90m[39m
[35m[HTTP][39m [37m-->[39m [37mPOST[39m [37m/wd/hub/session/8b79cb52-0d6a-4dfa-a7f5-a72fe1d9d77f/elements[39m
[35m[HTTP][39m [90m{"using":"accessibility id","value":"Username"}[39m
[35m[HTTP][39m [37m<-- POST /wd/hub/session/8b79cb52-0d6a-4dfa-a7f5-a72fe1d9d77f/elements [39m[32m200[39m [90m75 ms - 12[39m
[35m[HTTP][39m [90m[39m
[35m[HTTP][39m [37m-->[39m [37mPOST[39m [37m/wd/hub/session/8b79cb52-0d6a-4dfa-a7f5-a72fe1d9d77f/elements[39m
[35m[HTTP][39m [90m{"using":"accessibility id","value":"Username"}[39m
[35m[HTTP][39m [37m<-- POST /wd/hub/session/8b79cb52-0d6a-4dfa-a7f5-a72fe1d9d77f/elements [39m[32m200[39m [90m73 ms - 12[39m
[35m[HTTP][39m [90m[39m
[35m[HTTP][39m [37m-->[39m [37mPOST[39m [37m/wd/hub/session/8b79cb52-0d6a-4dfa-a7f5-a72fe1d9d77f/elements[39m
[35m[HTTP][39m [90m{"using":"accessibility id","value":"Username"}[39m
[35m[HTTP][39m [37m<-- POST /wd/hub/session/8b79cb52-0d6a-4dfa-a7f5-a72fe1d9d77f/elements [39m[32m200[39m [90m72 ms - 12[39m
[35m[HTTP][39m [90m[39m
[35m[HTTP][39m [37m-->[39m [37mPOST[39m [37m/wd/hub/session/8b79cb52-0d6a-4dfa-a7f5-a72fe1d9d77f/elements[39m
[35m[HTTP][39m [90m{"using":"accessibility id","value":"Username"}[39m
[35m[HTTP][39m [37m<-- POST /wd/hub/session/8b79cb52-0d6a-4dfa-a7f5-a72fe1d9d77f/elements [39m[32m200[39m [90m73 ms - 12[39m
[35m[HTTP][39m [90m[39m
[35m[HTTP][39m [37m-->[39m [37mPOST[39m [37m/wd/hub/session/8b79cb52-0d6a-4dfa-a7f5-a72fe1d9d77f/elements[39m
[35m[HTTP][39m [90m{"using":"accessibility id","value":"Username"}[39m
[35m[HTTP][39m [37m<-- POST /wd/hub/session/8b79cb52-0d6a-4dfa-a7f5-a72fe1d9d77f/elements [39m[32m200[39m [90m71 ms - 12[39m
[35m[HTTP][39m [90m[39m
[35m[HTTP][39m [37m-->[39m [37mPOST[39m [37m/wd/hub/session/8b79cb52-0d6a-4dfa-a7f5-a72fe1d9d77f/elements[39m
[35m[HTTP][39m [90m{"using":"accessibility id","value":"Username"}[39m
[35m[HTTP][39m [37m<-- POST /wd/hub/session/8b79cb52-0d6a-4dfa-a7f5-a72fe1d9d77f/elements [39m[32m200[39m [90m73 ms - 12[39m
[35m[HTTP][39m [90m[39m
[35m[HTTP][39m [37m-->[39m [37mPOST[39m [37m/wd/hub/session/8b79cb52-0d6a-4dfa-a7f5-a72fe1d9d77f/elements[39m
[35m[HTTP][39m [90m{"using":"accessibility id","value":"Username"}[39m
[35m[HTTP][39m [37m<-- POST /wd/hub/session/8b79cb52-0d6a-4dfa-a7f5-a72fe1d9d77f/elements [39m[32m200[39m [90m74 ms - 12[39m
[35m[HTTP][39m [90m[39m
[35m[HTTP][39m [37m-->[39m [37mPOST[39m [37m/wd/hub/session/8b79cb52-0d6a-4dfa-a7f5-a72fe1d9d77f/elements[39m
[35m[HTTP][39m [90m{"using":"accessibility id","value":"Username"}[39m
[35m[HTTP][39m [37m<-- POST /wd/hub/session/8b79cb52-0d6a-4dfa-a7f5-a72fe1d9d77f/elements [39m[32m200[39m [90m71 ms - 12[39m
[35m[HTTP][39m [90m[39m
[35m[HTTP][39m [37m-->[39m [37mPOST[39m [37m/wd/hub/session/8b79cb52-0d6a-4dfa-a7f5-a72fe1d9d77f/elements[39m
[35m[HTTP][39m [90m{"using":"accessibility id","value":"Username"}[39m
[35m[HTTP][39m [37m<-- POST /wd/hub/session/8b79cb52-0d6a-4dfa-a7f5-a72fe1d9d77f/elements [39m[32m200[39m [90m71 ms - 12[39m
[35m[HTTP][39m [90m[39m
[35m[HTTP][39m [37m-->[39m [37mPOST[39m [37m/wd/hub/session/8b79cb52-0d6a-4dfa-a7f5-a72fe1d9d77f/elements[39m
[35m[HTTP][39m [90m{"using":"accessibility id","value":"Username"}[39m
[35m[HTTP][39m [37m<-- POST /wd/hub/session/8b79cb52-0d6a-4dfa-a7f5-a72fe1d9d77f/elements [39m[32m200[39m [90m71 ms - 12[39m
[35m[HTTP][39m [90m[39m
[35m[HTTP][39m [37m-->[39m [37mPOST[39m [37m/wd/hub/session/8b79cb52-0d6a-4dfa-a7f5-a72fe1d9d77f/elements[39m
[35m[HTTP][39m [90m{"using":"accessibility id","value":"Username"}[39m
[35m[HTTP][39m [37m<-- POST /wd/hub/session/8b79cb52-0d6a-4dfa-a7f5-a72fe1d9d77f/elements [39m[32m200[39m [90m72 ms - 12[39m
[35m[HTTP][39m [90m[39m
[35m[HTTP][39m [37m-->[39m [37mPOST[39m [37m/wd/hub/session/8b79cb52-0d6a-4dfa-a7f5-a72fe1d9d77f/elements[39m
[35m[HTTP][39m [90m{"using":"accessibility id","value":"Username"}[39m
[35m[HTTP][39m [37m<-- POST /wd/hub/session/8b79cb52-0d6a-4dfa-a7f5-a72fe1d9d77f/elements [39m[32m200[39m [90m70 ms - 12[39m
[35m[HTTP][39m [90m[39m
[35m[HTTP][39m [37m-->[39m [37mPOST[39m [37m/wd/hub/session/8b79cb52-0d6a-4dfa-a7f5-a72fe1d9d77f/elements[39m
[35m[HTTP][39m [90m{"using":"accessibility id","value":"Username"}[39m
[35m[HTTP][39m [37m<-- POST /wd/hub/session/8b79cb52-0d6a-4dfa-a7f5-a72fe1d9d77f/elements [39m[32m200[39m [90m70 ms - 12[39m
[35m[HTTP][39m [90m[39m
[35m[HTTP][39m [37m-->[39m [37mPOST[39m [37m/wd/hub/session/8b79cb52-0d6a-4dfa-a7f5-a72fe1d9d77f/elements[39m
[35m[HTTP][39m [90m{"using":"accessibility id","value":"Username"}[39m
[35m[HTTP][39m [37m<-- POST /wd/hub/session/8b79cb52-0d6a-4dfa-a7f5-a72fe1d9d77f/elements [39m[32m200[39m [90m69 ms - 12[39m
[35m[HTTP][39m [90m[39m
[35m[HTTP][39m [37m-->[39m [37mPOST[39m [37m/wd/hub/session/8b79cb52-0d6a-4dfa-a7f5-a72fe1d9d77f/elements[39m
[35m[HTTP][39m [90m{"using":"accessibility id","value":"Username"}[39m
[35m[HTTP][39m [37m<-- POST /wd/hub/session/8b79cb52-0d6a-4dfa-a7f5-a72fe1d9d77f/elements [39m[32m200[39m [90m73 ms - 12[39m
[35m[HTTP][39m [90m[39m
[35m[HTTP][39m [37m-->[39m [37mPOST[39m [37m/wd/hub/session/8b79cb52-0d6a-4dfa-a7f5-a72fe1d9d77f/elements[39m
[35m[HTTP][39m [90m{"using":"accessibility id","value":"Username"}[39m
[35m[HTTP][39m [37m<-- POST /wd/hub/session/8b79cb52-0d6a-4dfa-a7f5-a72fe1d9d77f/elements [39m[32m200[39m [90m74 ms - 12[39m
[35m[HTTP][39m [90m[39m
[35m[HTTP][39m [37m-->[39m [37mPOST[39m [37m/wd/hub/session/8b79cb52-0d6a-4dfa-a7f5-a72fe1d9d77f/elements[39m
[35m[HTTP][39m [90m{"using":"accessibility id","value":"Username"}[39m
[35m[HTTP][39m [37m<-- POST /wd/hub/session/8b79cb52-0d6a-4dfa-a7f5-a72fe1d9d77f/elements [39m[32m200[39m [90m71 ms - 12[39m
[35m[HTTP][39m [90m[39m
[35m[HTTP][39m [37m-->[39m [37mPOST[39m [37m/wd/hub/session/8b79cb52-0d6a-4dfa-a7f5-a72fe1d9d77f/elements[39m
[35m[HTTP][39m [90m{"using":"accessibility id","value":"Username"}[39m
[35m[HTTP][39m [37m<-- POST /wd/hub/session/8b79cb52-0d6a-4dfa-a7f5-a72fe1d9d77f/elements [39m[32m200[39m [90m70 ms - 12[39m
[35m[HTTP][39m [90m[39m
[35m[HTTP][39m [37m-->[39m [37mPOST[39m [37m/wd/hub/session/8b79cb52-0d6a-4dfa-a7f5-a72fe1d9d77f/elements[39m
[35m[HTTP][39m [90m{"using":"accessibility id","value":"Username"}[39m
[35m[HTTP][39m [37m<-- POST /wd/hub/session/8b79cb52-0d6a-4dfa-a7f5-a72fe1d9d77f/elements [39m[32m200[39m [90m70 ms - 12[39m
[35m[HTTP][39m [90m[39m
[35m[HTTP][39m [37m-->[39m [37mPOST[39m [37m/wd/hub/session/8b79cb52-0d6a-4dfa-a7f5-a72fe1d9d77f/elements[39m
[35m[HTTP][39m [90m{"using":"accessibility id","value":"Username"}[39m
[35m[HTTP][39m [37m<-- POST /wd/hub/session/8b79cb52-0d6a-4dfa-a7f5-a72fe1d9d77f/elements [39m[32m200[39m [90m70 ms - 12[39m
[35m[HTTP][39m [90m[39m
[35m[HTTP][39m [37m-->[39m [37mPOST[39m [37m/wd/hub/session/8b79cb52-0d6a-4dfa-a7f5-a72fe1d9d77f/elements[39m
[35m[HTTP][39m [90m{"using":"accessibility id","value":"Username"}[39m
[35m[HTTP][39m [37m<-- POST /wd/hub/session/8b79cb52-0d6a-4dfa-a7f5-a72fe1d9d77f/elements [39m[32m200[39m [90m69 ms - 12[39m
[35m[HTTP][39m [90m[39m
[35m[HTTP][39m [37m-->[39m [37mPOST[39m [37m/wd/hub/session/8b79cb52-0d6a-4dfa-a7f5-a72fe1d9d77f/elements[39m
[35m[HTTP][39m [90m{"using":"accessibility id","value":"Username"}[39m
[35m[HTTP][39m [37m<-- POST /wd/hub/session/8b79cb52-0d6a-4dfa-a7f5-a72fe1d9d77f/elements [39m[32m200[39m [90m71 ms - 12[39m
[35m[HTTP][39m [90m[39m
[35m[HTTP][39m [37m-->[39m [37mPOST[39m [37m/wd/hub/session/8b79cb52-0d6a-4dfa-a7f5-a72fe1d9d77f/elements[39m
[35m[HTTP][39m [90m{"using":"accessibility id","value":"Username"}[39m
[35m[HTTP][39m [37m<-- POST /wd/hub/session/8b79cb52-0d6a-4dfa-a7f5-a72fe1d9d77f/elements [39m[32m200[39m [90m72 ms - 12[39m
[35m[HTTP][39m [90m[39m
[35m[HTTP][39m [37m-->[39m [37mPOST[39m [37m/wd/hub/session/8b79cb52-0d6a-4dfa-a7f5-a72fe1d9d77f/elements[39m
[35m[HTTP][39m [90m{"using":"accessibility id","value":"Username"}[39m
[35m[HTTP][39m [37m<-- POST /wd/hub/session/8b79cb52-0d6a-4dfa-a7f5-a72fe1d9d77f/elements [39m[32m200[39m [90m70 ms - 12[39m
[35m[HTTP][39m [90m[39m
[35m[HTTP][39m [37m-->[39m [37mPOST[39m [37m/wd/hub/session/8b79cb52-0d6a-4dfa-a7f5-a72fe1d9d77f/elements[39m
[35m[HTTP][39m [90m{"using":"accessibility id","value":"Username"}[39m
[35m[HTTP][39m [37m<-- POST /wd/hub/session/8b79cb52-0d6a-4dfa-a7f5-a72fe1d9d77f/elements [39m[32m200[39m [90m69 ms - 12[39m
[35m[HTTP][39m [90m[39m
[35m[HTTP][39m [37m-->[39m [37mPOST[39m [37m/wd/hub/session/8b79cb52-0d6a-4dfa-a7f5-a72fe1d9d77f/elements[39m
[35m[HTTP][39m [90m{"using":"accessibility id","value":"Username"}[39m
[35m[HTTP][39m [37m<-- POST /wd/hub/session/8b79cb52-0d6a-4dfa-a7f5-a72fe1d9d77f/elements [39m[32m200[39m [90m70 ms - 12[39m
[35m[HTTP][39m [90m[39m
[35m[HTTP][39m [37m-->[39m [37mPOST[39m [37m/wd/hub/session/8b79cb52-0d6a-4dfa-a7f5-a72fe1d9d77f/elements[39m
[35m[HTTP][39m [90m{"using":"accessibility id","value":"Username"}[39m
[35m[HTTP][39m [37m<-- POST /wd/hub/session/8b79cb52-0d6a-4dfa-a7f5-a72fe1d9d77f/elements [39m[32m200[39m [90m69 ms - 12[39m
[35m[HTTP][39m [90m[39m
[35m[HTTP][39m [37m-->[39m [37mPOST[39m [37m/wd/hub/session/8b79cb52-0d6a-4dfa-a7f5-a72fe1d9d77f/elements[39m
[35m[HTTP][39m [90m{"using":"accessibility id","value":"Username"}[39m
[35m[HTTP][39m [37m<-- POST /wd/hub/session/8b79cb52-0d6a-4dfa-a7f5-a72fe1d9d77f/elements [39m[32m200[39m [90m68 ms - 12[39m
[35m[HTTP][39m [90m[39m
[35m[HTTP][39m [37m-->[39m [37mPOST[39m [37m/wd/hub/session/8b79cb52-0d6a-4dfa-a7f5-a72fe1d9d77f/elements[39m
[35m[HTTP][39m [90m{"using":"accessibility id","value":"Username"}[39m
[35m[HTTP][39m [37m<-- POST /wd/hub/session/8b79cb52-0d6a-4dfa-a7f5-a72fe1d9d77f/elements [39m[32m200[39m [90m73 ms - 12[39m
[35m[HTTP][39m [90m[39m
[35m[HTTP][39m [37m-->[39m [37mPOST[39m [37m/wd/hub/session/8b79cb52-0d6a-4dfa-a7f5-a72fe1d9d77f/elements[39m
[35m[HTTP][39m [90m{"using":"accessibility id","value":"Username"}[39m
[35m[HTTP][39m [37m<-- POST /wd/hub/session/8b79cb52-0d6a-4dfa-a7f5-a72fe1d9d77f/elements [39m[32m200[39m [90m69 ms - 12[39m
[35m[HTTP][39m [90m[39m
[35m[HTTP][39m [37m-->[39m [37mPOST[39m [37m/wd/hub/session/8b79cb52-0d6a-4dfa-a7f5-a72fe1d9d77f/elements[39m
[35m[HTTP][39m [90m{"using":"accessibility id","value":"Username"}[39m
[35m[HTTP][39m [37m<-- POST /wd/hub/session/8b79cb52-0d6a-4dfa-a7f5-a72fe1d9d77f/elements [39m[32m200[39m [90m68 ms - 12[39m
[35m[HTTP][39m [90m[39m
[35m[HTTP][39m [37m-->[39m [37mPOST[39m [37m/wd/hub/session/8b79cb52-0d6a-4dfa-a7f5-a72fe1d9d77f/elements[39m
[35m[HTTP][39m [90m{"using":"accessibility id","value":"Username"}[39m
[35m[HTTP][39m [37m<-- POST /wd/hub/session/8b79cb52-0d6a-4dfa-a7f5-a72fe1d9d77f/elements [39m[32m200[39m [90m70 ms - 12[39m
[35m[HTTP][39m [90m[39m
[35m[HTTP][39m [37m-->[39m [37mPOST[39m [37m/wd/hub/session/8b79cb52-0d6a-4dfa-a7f5-a72fe1d9d77f/elements[39m
[35m[HTTP][39m [90m{"using":"accessibility id","value":"Username"}[39m
[35m[HTTP][39m [37m<-- POST /wd/hub/session/8b79cb52-0d6a-4dfa-a7f5-a72fe1d9d77f/elements [39m[32m200[39m [90m72 ms - 12[39m
[35m[HTTP][39m [90m[39m
[35m[HTTP][39m [37m-->[39m [37mPOST[39m [37m/wd/hub/session/8b79cb52-0d6a-4dfa-a7f5-a72fe1d9d77f/elements[39m
[35m[HTTP][39m [90m{"using":"accessibility id","value":"Username"}[39m
[35m[HTTP][39m [37m<-- POST /wd/hub/session/8b79cb52-0d6a-4dfa-a7f5-a72fe1d9d77f/elements [39m[32m200[39m [90m68 ms - 12[39m
[35m[HTTP][39m [90m[39m
[35m[HTTP][39m [37m-->[39m [37mPOST[39m [37m/wd/hub/session/8b79cb52-0d6a-4dfa-a7f5-a72fe1d9d77f/elements[39m
[35m[HTTP][39m [90m{"using":"accessibility id","value":"Username"}[39m
[35m[HTTP][39m [37m<-- POST /wd/hub/session/8b79cb52-0d6a-4dfa-a7f5-a72fe1d9d77f/elements [39m[32m200[39m [90m73 ms - 12[39m
[35m[HTTP][39m [90m[39m
[35m[HTTP][39m [37m-->[39m [37mPOST[39m [37m/wd/hub/session/8b79cb52-0d6a-4dfa-a7f5-a72fe1d9d77f/elements[39m
[35m[HTTP][39m [90m{"using":"accessibility id","value":"Username"}[39m
[35m[HTTP][39m [37m<-- POST /wd/hub/session/8b79cb52-0d6a-4dfa-a7f5-a72fe1d9d77f/elements [39m[32m200[39m [90m70 ms - 12[39m
[35m[HTTP][39m [90m[39m
[35m[HTTP][39m [37m-->[39m [37mPOST[39m [37m/wd/hub/session/8b79cb52-0d6a-4dfa-a7f5-a72fe1d9d77f/elements[39m
[35m[HTTP][39m [90m{"using":"accessibility id","value":"Username"}[39m
[35m[HTTP][39m [37m<-- POST /wd/hub/session/8b79cb52-0d6a-4dfa-a7f5-a72fe1d9d77f/elements [39m[32m200[39m [90m69 ms - 12[39m
[35m[HTTP][39m [90m[39m
[35m[HTTP][39m [37m-->[39m [37mPOST[39m [37m/wd/hub/session/8b79cb52-0d6a-4dfa-a7f5-a72fe1d9d77f/elements[39m
[35m[HTTP][39m [90m{"using":"accessibility id","value":"Username"}[39m
[35m[HTTP][39m [37m<-- POST /wd/hub/session/8b79cb52-0d6a-4dfa-a7f5-a72fe1d9d77f/elements [39m[32m200[39m [90m70 ms - 12[39m
[35m[HTTP][39m [90m[39m
[35m[HTTP][39m [37m-->[39m [37mPOST[39m [37m/wd/hub/session/8b79cb52-0d6a-4dfa-a7f5-a72fe1d9d77f/elements[39m
[35m[HTTP][39m [90m{"using":"accessibility id","value":"Username"}[39m
[35m[HTTP][39m [37m<-- POST /wd/hub/session/8b79cb52-0d6a-4dfa-a7f5-a72fe1d9d77f/elements [39m[32m200[39m [90m74 ms - 12[39m
[35m[HTTP][39m [90m[39m
[35m[HTTP][39m [37m-->[39m [37mPOST[39m [37m/wd/hub/session/8b79cb52-0d6a-4dfa-a7f5-a72fe1d9d77f/elements[39m
[35m[HTTP][39m [90m{"using":"accessibility id","value":"Username"}[39m
[35m[HTTP][39m [37m<-- POST /wd/hub/session/8b79cb52-0d6a-4dfa-a7f5-a72fe1d9d77f/elements [39m[32m200[39m [90m70 ms - 12[39m
[35m[HTTP][39m [90m[39m
[35m[HTTP][39m [37m-->[39m [37mPOST[39m [37m/wd/hub/session/8b79cb52-0d6a-4dfa-a7f5-a72fe1d9d77f/elements[39m
[35m[HTTP][39m [90m{"using":"accessibility id","value":"Username"}[39m
[35m[HTTP][39m [37m<-- POST /wd/hub/session/8b79cb52-0d6a-4dfa-a7f5-a72fe1d9d77f/elements [39m[32m200[39m [90m67 ms - 12[39m
[35m[HTTP][39m [90m[39m
[35m[HTTP][39m [37m-->[39m [37mPOST[39m [37m/wd/hub/session/8b79cb52-0d6a-4dfa-a7f5-a72fe1d9d77f/elements[39m
[35m[HTTP][39m [90m{"using":"accessibility id","value":"Username"}[39m
[35m[HTTP][39m [37m<-- POST /wd/hub/session/8b79cb52-0d6a-4dfa-a7f5-a72fe1d9d77f/elements [39m[32m200[39m [90m68 ms - 12[39m
[35m[HTTP][39m [90m[39m
[35m[HTTP][39m [37m-->[39m [37mPOST[39m [37m/wd/hub/session/8b79cb52-0d6a-4dfa-a7f5-a72fe1d9d77f/elements[39m
[35m[HTTP][39m [90m{"using":"accessibility id","value":"Username"}[39m
[35m[HTTP][39m [37m<-- POST /wd/hub/session/8b79cb52-0d6a-4dfa-a7f5-a72fe1d9d77f/elements [39m[32m200[39m [90m68 ms - 12[39m
[35m[HTTP][39m [90m[39m
[35m[HTTP][39m [37m-->[39m [37mPOST[39m [37m/wd/hub/session/8b79cb52-0d6a-4dfa-a7f5-a72fe1d9d77f/elements[39m
[35m[HTTP][39m [90m{"using":"accessibility id","value":"Username"}[39m
[35m[HTTP][39m [37m<-- POST /wd/hub/session/8b79cb52-0d6a-4dfa-a7f5-a72fe1d9d77f/elements [39m[32m200[39m [90m68 ms - 12[39m
[35m[HTTP][39m [90m[39m
[35m[HTTP][39m [37m-->[39m [37mPOST[39m [37m/wd/hub/session/8b79cb52-0d6a-4dfa-a7f5-a72fe1d9d77f/elements[39m
[35m[HTTP][39m [90m{"using":"accessibility id","value":"Username"}[39m
[35m[HTTP][39m [37m<-- POST /wd/hub/session/8b79cb52-0d6a-4dfa-a7f5-a72fe1d9d77f/elements [39m[32m200[39m [90m65 ms - 12[39m
[35m[HTTP][39m [90m[39m
[35m[HTTP][39m [37m-->[39m [37mPOST[39m [37m/wd/hub/session/8b79cb52-0d6a-4dfa-a7f5-a72fe1d9d77f/elements[39m
[35m[HTTP][39m [90m{"using":"accessibility id","value":"Username"}[39m
[35m[HTTP][39m [37m<-- POST /wd/hub/session/8b79cb52-0d6a-4dfa-a7f5-a72fe1d9d77f/elements [39m[32m200[39m [90m67 ms - 12[39m
[35m[HTTP][39m [90m[39m
[35m[HTTP][39m [37m-->[39m [37mPOST[39m [37m/wd/hub/session/8b79cb52-0d6a-4dfa-a7f5-a72fe1d9d77f/elements[39m
[35m[HTTP][39m [90m{"using":"accessibility id","value":"Username"}[39m
[35m[HTTP][39m [37m<-- POST /wd/hub/session/8b79cb52-0d6a-4dfa-a7f5-a72fe1d9d77f/elements [39m[32m200[39m [90m67 ms - 12[39m
[35m[HTTP][39m [90m[39m
[35m[HTTP][39m [37m-->[39m [37mPOST[39m [37m/wd/hub/session/8b79cb52-0d6a-4dfa-a7f5-a72fe1d9d77f/elements[39m
[35m[HTTP][39m [90m{"using":"accessibility id","value":"Username"}[39m
[35m[HTTP][39m [37m<-- POST /wd/hub/session/8b79cb52-0d6a-4dfa-a7f5-a72fe1d9d77f/elements [39m[32m200[39m [90m67 ms - 12[39m
[35m[HTTP][39m [90m[39m
[35m[HTTP][39m [37m-->[39m [37mPOST[39m [37m/wd/hub/session/8b79cb52-0d6a-4dfa-a7f5-a72fe1d9d77f/elements[39m
[35m[HTTP][39m [90m{"using":"accessibility id","value":"Username"}[39m
[35m[HTTP][39m [37m<-- POST /wd/hub/session/8b79cb52-0d6a-4dfa-a7f5-a72fe1d9d77f/elements [39m[32m200[39m [90m68 ms - 12[39m
[35m[HTTP][39m [90m[39m
[35m[HTTP][39m [37m-->[39m [37mPOST[39m [37m/wd/hub/session/8b79cb52-0d6a-4dfa-a7f5-a72fe1d9d77f/elements[39m
[35m[HTTP][39m [90m{"using":"accessibility id","value":"Username"}[39m
[35m[HTTP][39m [37m<-- POST /wd/hub/session/8b79cb52-0d6a-4dfa-a7f5-a72fe1d9d77f/elements [39m[32m200[39m [90m71 ms - 12[39m
[35m[HTTP][39m [90m[39m
[35m[HTTP][39m [37m-->[39m [37mPOST[39m [37m/wd/hub/session/8b79cb52-0d6a-4dfa-a7f5-a72fe1d9d77f/elements[39m
[35m[HTTP][39m [90m{"using":"accessibility id","value":"Username"}[39m
[35m[HTTP][39m [37m<-- POST /wd/hub/session/8b79cb52-0d6a-4dfa-a7f5-a72fe1d9d77f/elements [39m[32m200[39m [90m66 ms - 12[39m
[35m[HTTP][39m [90m[39m
[35m[HTTP][39m [37m-->[39m [37mPOST[39m [37m/wd/hub/session/8b79cb52-0d6a-4dfa-a7f5-a72fe1d9d77f/elements[39m
[35m[HTTP][39m [90m{"using":"accessibility id","value":"Username"}[39m
[35m[HTTP][39m [37m<-- POST /wd/hub/session/8b79cb52-0d6a-4dfa-a7f5-a72fe1d9d77f/elements [39m[32m200[39m [90m67 ms - 12[39m
[35m[HTTP][39m [90m[39m
[35m[HTTP][39m [37m-->[39m [37mPOST[39m [37m/wd/hub/session/8b79cb52-0d6a-4dfa-a7f5-a72fe1d9d77f/elements[39m
[35m[HTTP][39m [90m{"using":"accessibility id","value":"Username"}[39m
[35m[HTTP][39m [37m<-- POST /wd/hub/session/8b79cb52-0d6a-4dfa-a7f5-a72fe1d9d77f/elements [39m[32m200[39m [90m71 ms - 12[39m
[35m[HTTP][39m [90m[39m
[35m[HTTP][39m [37m-->[39m [37mPOST[39m [37m/wd/hub/session/8b79cb52-0d6a-4dfa-a7f5-a72fe1d9d77f/elements[39m
[35m[HTTP][39m [90m{"using":"accessibility id","value":"Username"}[39m
[35m[HTTP][39m [37m<-- POST /wd/hub/session/8b79cb52-0d6a-4dfa-a7f5-a72fe1d9d77f/elements [39m[32m200[39m [90m76 ms - 12[39m
[35m[HTTP][39m [90m[39m
[35m[HTTP][39m [37m-->[39m [37mPOST[39m [37m/wd/hub/session/8b79cb52-0d6a-4dfa-a7f5-a72fe1d9d77f/elements[39m
[35m[HTTP][39m [90m{"using":"accessibility id","value":"Username"}[39m
[35m[HTTP][39m [37m<-- POST /wd/hub/session/8b79cb52-0d6a-4dfa-a7f5-a72fe1d9d77f/elements [39m[32m200[39m [90m70 ms - 12[39m
[35m[HTTP][39m [90m[39m
[35m[HTTP][39m [37m-->[39m [37mPOST[39m [37m/wd/hub/session/8b79cb52-0d6a-4dfa-a7f5-a72fe1d9d77f/elements[39m
[35m[HTTP][39m [90m{"using":"accessibility id","value":"Username"}[39m
[35m[HTTP][39m [37m<-- POST /wd/hub/session/8b79cb52-0d6a-4dfa-a7f5-a72fe1d9d77f/elements [39m[32m200[39m [90m70 ms - 12[39m
[35m[HTTP][39m [90m[39m
[35m[HTTP][39m [37m-->[39m [37mPOST[39m [37m/wd/hub/session/8b79cb52-0d6a-4dfa-a7f5-a72fe1d9d77f/elements[39m
[35m[HTTP][39m [90m{"using":"accessibility id","value":"Username"}[39m
[35m[HTTP][39m [37m<-- POST /wd/hub/session/8b79cb52-0d6a-4dfa-a7f5-a72fe1d9d77f/elements [39m[32m200[39m [90m68 ms - 12[39m
[35m[HTTP][39m [90m[39m
[35m[HTTP][39m [37m-->[39m [37mPOST[39m [37m/wd/hub/session/8b79cb52-0d6a-4dfa-a7f5-a72fe1d9d77f/elements[39m
[35m[HTTP][39m [90m{"using":"accessibility id","value":"Username"}[39m
[35m[HTTP][39m [37m<-- POST /wd/hub/session/8b79cb52-0d6a-4dfa-a7f5-a72fe1d9d77f/elements [39m[32m200[39m [90m67 ms - 12[39m
[35m[HTTP][39m [90m[39m
[35m[HTTP][39m [37m-->[39m [37mPOST[39m [37m/wd/hub/session/8b79cb52-0d6a-4dfa-a7f5-a72fe1d9d77f/elements[39m
[35m[HTTP][39m [90m{"using":"accessibility id","value":"Username"}[39m
[35m[HTTP][39m [37m<-- POST /wd/hub/session/8b79cb52-0d6a-4dfa-a7f5-a72fe1d9d77f/elements [39m[32m200[39m [90m67 ms - 12[39m
[35m[HTTP][39m [90m[39m
[35m[HTTP][39m [37m-->[39m [37mPOST[39m [37m/wd/hub/session/8b79cb52-0d6a-4dfa-a7f5-a72fe1d9d77f/elements[39m
[35m[HTTP][39m [90m{"using":"accessibility id","value":"Username"}[39m
[35m[HTTP][39m [37m<-- POST /wd/hub/session/8b79cb52-0d6a-4dfa-a7f5-a72fe1d9d77f/elements [39m[32m200[39m [90m68 ms - 12[39m
[35m[HTTP][39m [90m[39m
[35m[HTTP][39m [37m-->[39m [37mPOST[39m [37m/wd/hub/session/8b79cb52-0d6a-4dfa-a7f5-a72fe1d9d77f/elements[39m
[35m[HTTP][39m [90m{"using":"accessibility id","value":"Username"}[39m
[35m[HTTP][39m [37m<-- POST /wd/hub/session/8b79cb52-0d6a-4dfa-a7f5-a72fe1d9d77f/elements [39m[32m200[39m [90m70 ms - 12[39m
[35m[HTTP][39m [90m[39m
[35m[HTTP][39m [37m-->[39m [37mPOST[39m [37m/wd/hub/session/8b79cb52-0d6a-4dfa-a7f5-a72fe1d9d77f/elements[39m
[35m[HTTP][39m [90m{"using":"accessibility id","value":"Username"}[39m
[35m[HTTP][39m [37m<-- POST /wd/hub/session/8b79cb52-0d6a-4dfa-a7f5-a72fe1d9d77f/elements [39m[32m200[39m [90m66 ms - 12[39m
[35m[HTTP][39m [90m[39m
[35m[HTTP][39m [37m-->[39m [37mPOST[39m [37m/wd/hub/session/8b79cb52-0d6a-4dfa-a7f5-a72fe1d9d77f/elements[39m
[35m[HTTP][39m [90m{"using":"accessibility id","value":"Username"}[39m
[35m[HTTP][39m [37m<-- POST /wd/hub/session/8b79cb52-0d6a-4dfa-a7f5-a72fe1d9d77f/elements [39m[32m200[39m [90m71 ms - 12[39m
[35m[HTTP][39m [90m[39m
[35m[HTTP][39m [37m-->[39m [37mPOST[39m [37m/wd/hub/session/8b79cb52-0d6a-4dfa-a7f5-a72fe1d9d77f/elements[39m
[35m[HTTP][39m [90m{"using":"accessibility id","value":"Username"}[39m
[35m[HTTP][39m [37m<-- POST /wd/hub/session/8b79cb52-0d6a-4dfa-a7f5-a72fe1d9d77f/elements [39m[32m200[39m [90m69 ms - 12[39m
[35m[HTTP][39m [90m[39m
[35m[HTTP][39m [37m-->[39m [37mPOST[39m [37m/wd/hub/session/8b79cb52-0d6a-4dfa-a7f5-a72fe1d9d77f/elements[39m
[35m[HTTP][39m [90m{"using":"accessibility id","value":"Username"}[39m
[35m[HTTP][39m [37m<-- POST /wd/hub/session/8b79cb52-0d6a-4dfa-a7f5-a72fe1d9d77f/elements [39m[32m200[39m [90m68 ms - 12[39m
[35m[HTTP][39m [90m[39m
[35m[HTTP][39m [37m-->[39m [37mPOST[39m [37m/wd/hub/session/8b79cb52-0d6a-4dfa-a7f5-a72fe1d9d77f/elements[39m
[35m[HTTP][39m [90m{"using":"accessibility id","value":"Username"}[39m
[35m[HTTP][39m [37m<-- POST /wd/hub/session/8b79cb52-0d6a-4dfa-a7f5-a72fe1d9d77f/elements [39m[32m200[39m [90m66 ms - 12[39m
[35m[HTTP][39m [90m[39m
[35m[HTTP][39m [37m-->[39m [37mPOST[39m [37m/wd/hub/session/8b79cb52-0d6a-4dfa-a7f5-a72fe1d9d77f/elements[39m
[35m[HTTP][39m [90m{"using":"accessibility id","value":"Username"}[39m
[35m[HTTP][39m [37m<-- POST /wd/hub/session/8b79cb52-0d6a-4dfa-a7f5-a72fe1d9d77f/elements [39m[32m200[39m [90m68 ms - 12[39m
[35m[HTTP][39m [90m[39m
[35m[HTTP][39m [37m-->[39m [37mPOST[39m [37m/wd/hub/session/8b79cb52-0d6a-4dfa-a7f5-a72fe1d9d77f/elements[39m
[35m[HTTP][39m [90m{"using":"accessibility id","value":"Username"}[39m
[35m[HTTP][39m [37m<-- POST /wd/hub/session/8b79cb52-0d6a-4dfa-a7f5-a72fe1d9d77f/elements [39m[32m200[39m [90m68 ms - 12[39m
[35m[HTTP][39m [90m[39m
[35m[HTTP][39m [37m-->[39m [37mPOST[39m [37m/wd/hub/session/8b79cb52-0d6a-4dfa-a7f5-a72fe1d9d77f/elements[39m
[35m[HTTP][39m [90m{"using":"accessibility id","value":"Username"}[39m
[35m[HTTP][39m [37m<-- POST /wd/hub/session/8b79cb52-0d6a-4dfa-a7f5-a72fe1d9d77f/elements [39m[32m200[39m [90m69 ms - 12[39m
[35m[HTTP][39m [90m[39m
[35m[HTTP][39m [37m-->[39m [37mPOST[39m [37m/wd/hub/session/8b79cb52-0d6a-4dfa-a7f5-a72fe1d9d77f/elements[39m
[35m[HTTP][39m [90m{"using":"accessibility id","value":"Username"}[39m
[35m[HTTP][39m [37m<-- POST /wd/hub/session/8b79cb52-0d6a-4dfa-a7f5-a72fe1d9d77f/elements [39m[32m200[39m [90m71 ms - 12[39m
[35m[HTTP][39m [90m[39m
[35m[HTTP][39m [37m-->[39m [37mPOST[39m [37m/wd/hub/session/8b79cb52-0d6a-4dfa-a7f5-a72fe1d9d77f/elements[39m
[35m[HTTP][39m [90m{"using":"accessibility id","value":"Username"}[39m
[35m[HTTP][39m [37m<-- POST /wd/hub/session/8b79cb52-0d6a-4dfa-a7f5-a72fe1d9d77f/elements [39m[32m200[39m [90m67 ms - 12[39m
[35m[HTTP][39m [90m[39m
[35m[HTTP][39m [37m-->[39m [37mPOST[39m [37m/wd/hub/session/8b79cb52-0d6a-4dfa-a7f5-a72fe1d9d77f/elements[39m
[35m[HTTP][39m [90m{"using":"accessibility id","value":"Username"}[39m
[35m[HTTP][39m [37m<-- POST /wd/hub/session/8b79cb52-0d6a-4dfa-a7f5-a72fe1d9d77f/elements [39m[32m200[39m [90m66 ms - 12[39m
[35m[HTTP][39m [90m[39m
[35m[HTTP][39m [37m-->[39m [37mPOST[39m [37m/wd/hub/session/8b79cb52-0d6a-4dfa-a7f5-a72fe1d9d77f/elements[39m
[35m[HTTP][39m [90m{"using":"accessibility id","value":"Username"}[39m
[35m[HTTP][39m [37m<-- POST /wd/hub/session/8b79cb52-0d6a-4dfa-a7f5-a72fe1d9d77f/elements [39m[32m200[39m [90m79 ms - 12[39m
[35m[HTTP][39m [90m[39m
[35m[HTTP][39m [37m-->[39m [37mPOST[39m [37m/wd/hub/session/8b79cb52-0d6a-4dfa-a7f5-a72fe1d9d77f/elements[39m
[35m[HTTP][39m [90m{"using":"accessibility id","value":"Username"}[39m
[35m[HTTP][39m [37m<-- POST /wd/hub/session/8b79cb52-0d6a-4dfa-a7f5-a72fe1d9d77f/elements [39m[32m200[39m [90m557 ms - 12[39m
[35m[HTTP][39m [90m[39m
[35m[HTTP][39m [37m-->[39m [37mPOST[39m [37m/wd/hub/session/8b79cb52-0d6a-4dfa-a7f5-a72fe1d9d77f/timeouts[39m
[35m[HTTP][39m [90m{"implicit":30000}[39m
[35m[HTTP][39m [37m<-- POST /wd/hub/session/8b79cb52-0d6a-4dfa-a7f5-a72fe1d9d77f/timeouts [39m[32m200[39m [90m1 ms - 14[39m
[35m[HTTP][39m [90m[39m
[35m[HTTP][39m [37m-->[39m [37mPOST[39m [37m/wd/hub/session/8b79cb52-0d6a-4dfa-a7f5-a72fe1d9d77f/timeouts[39m
[35m[HTTP][39m [90m{"implicit":50}[39m
[35m[HTTP][39m [37m<-- POST /wd/hub/session/8b79cb52-0d6a-4dfa-a7f5-a72fe1d9d77f/timeouts [39m[32m200[39m [90m1 ms - 14[39m
[35m[HTTP][39m [90m[39m
[35m[HTTP][39m [37m-->[39m [37mGET[39m [37m/wd/hub/session/8b79cb52-0d6a-4dfa-a7f5-a72fe1d9d77f/window/rect[39m
[35m[HTTP][39m [90m{}[39m
[35m[HTTP][39m [37m<-- GET /wd/hub/session/8b79cb52-0d6a-4dfa-a7f5-a72fe1d9d77f/window/rect [39m[32m200[39m [90m23 ms - 49[39m
[35m[HTTP][39m [90m[39m
[35m[HTTP][39m [37m-->[39m [37mPOST[39m [37m/wd/hub/session/8b79cb52-0d6a-4dfa-a7f5-a72fe1d9d77f/elements[39m
[35m[HTTP][39m [90m{"using":"xpath","value":"//hierarchy/android.widget.FrameLayout[1]/android.widget.LinearLayout[1]/android.widget.FrameLayout[1]/android.widget.FrameLayout[1]/android.view.View[1]/android.view.View[1]/android.view.View[1]/android.view.View[1]/android.widget.ScrollView[1]/android.widget.EditText[1]"}[39m
[35m[HTTP][39m [37m<-- POST /wd/hub/session/8b79cb52-0d6a-4dfa-a7f5-a72fe1d9d77f/elements [39m[32m200[39m [90m3876 ms - 139[39m
[35m[HTTP][39m [90m[39m
[35m[HTTP][39m [37m-->[39m [37mGET[39m [37m/wd/hub/session/8b79cb52-0d6a-4dfa-a7f5-a72fe1d9d77f/element/00000000-0000-00ac-0000-000e00000003/location[39m
[35m[HTTP][39m [90m{}[39m
[35m[W3C (8b79cb52)][39m Driver proxy active, passing request on via HTTP proxy
[35m[WD Proxy][39m Replacing sessionId d59b42bf-354e-4cb6-aa35-1cca68a9c247 with 8b79cb52-0d6a-4dfa-a7f5-a72fe1d9d77f
[35m[HTTP][39m [37m<-- GET /wd/hub/session/8b79cb52-0d6a-4dfa-a7f5-a72fe1d9d77f/element/00000000-0000-00ac-0000-000e00000003/location [39m[32m200[39m [90m38 ms - 78[39m
[35m[HTTP][39m [90m[39m
[35m[HTTP][39m [37m-->[39m [37mPOST[39m [37m/wd/hub/session/8b79cb52-0d6a-4dfa-a7f5-a72fe1d9d77f/timeouts[39m
[35m[HTTP][39m [90m{"implicit":30000}[39m
[35m[HTTP][39m [37m<-- POST /wd/hub/session/8b79cb52-0d6a-4dfa-a7f5-a72fe1d9d77f/timeouts [39m[32m200[39m [90m1 ms - 14[39m
[35m[HTTP][39m [90m[39m
[35m[HTTP][39m [37m-->[39m [37mPOST[39m [37m/wd/hub/session/8b79cb52-0d6a-4dfa-a7f5-a72fe1d9d77f/element/00000000-0000-00ac-0000-000e00000003/click[39m
[35m[HTTP][39m [90m{"id":"00000000-0000-00ac-0000-000e00000003"}[39m
[35m[HTTP][39m [37m<-- POST /wd/hub/session/8b79cb52-0d6a-4dfa-a7f5-a72fe1d9d77f/element/00000000-0000-00ac-0000-000e00000003/click [39m[32m200[39m [90m72 ms - 14[39m
[35m[HTTP][39m [90m[39m
[35m[HTTP][39m [37m-->[39m [37mPOST[39m [37m/wd/hub/session/8b79cb52-0d6a-4dfa-a7f5-a72fe1d9d77f/timeouts[39m
[35m[HTTP][39m [90m{"implicit":50}[39m
[35m[HTTP][39m [37m<-- POST /wd/hub/session/8b79cb52-0d6a-4dfa-a7f5-a72fe1d9d77f/timeouts [39m[32m200[39m [90m1 ms - 14[39m
[35m[HTTP][39m [90m[39m
[35m[HTTP][39m [37m-->[39m [37mGET[39m [37m/wd/hub/session/8b79cb52-0d6a-4dfa-a7f5-a72fe1d9d77f/window/rect[39m
[35m[HTTP][39m [90m{}[39m
[35m[HTTP][39m [37m<-- GET /wd/hub/session/8b79cb52-0d6a-4dfa-a7f5-a72fe1d9d77f/window/rect [39m[32m200[39m [90m28 ms - 49[39m
[35m[HTTP][39m [90m[39m
[35m[HTTP][39m [37m-->[39m [37mPOST[39m [37m/wd/hub/session/8b79cb52-0d6a-4dfa-a7f5-a72fe1d9d77f/elements[39m
[35m[HTTP][39m [90m{"using":"xpath","value":"//hierarchy/android.widget.FrameLayout[1]/android.widget.LinearLayout[1]/android.widget.FrameLayout[1]/android.widget.FrameLayout[1]/android.view.View[1]/android.view.View[1]/android.view.View[1]/android.view.View[1]/android.widget.ScrollView[1]/android.widget.EditText[1]"}[39m
[35m[HTTP][39m [37m<-- POST /wd/hub/session/8b79cb52-0d6a-4dfa-a7f5-a72fe1d9d77f/elements [39m[32m200[39m [90m1123 ms - 139[39m
[35m[HTTP][39m [90m[39m
[35m[HTTP][39m [37m-->[39m [37mGET[39m [37m/wd/hub/session/8b79cb52-0d6a-4dfa-a7f5-a72fe1d9d77f/element/00000000-0000-00ac-0000-000e00000003/location[39m
[35m[HTTP][39m [90m{}[39m
[35m[W3C (8b79cb52)][39m Driver proxy active, passing request on via HTTP proxy
[35m[WD Proxy][39m Replacing sessionId d59b42bf-354e-4cb6-aa35-1cca68a9c247 with 8b79cb52-0d6a-4dfa-a7f5-a72fe1d9d77f
[35m[HTTP][39m [37m<-- GET /wd/hub/session/8b79cb52-0d6a-4dfa-a7f5-a72fe1d9d77f/element/00000000-0000-00ac-0000-000e00000003/location [39m[32m200[39m [90m35 ms - 78[39m
[35m[HTTP][39m [90m[39m
[35m[HTTP][39m [37m-->[39m [37mPOST[39m [37m/wd/hub/session/8b79cb52-0d6a-4dfa-a7f5-a72fe1d9d77f/timeouts[39m
[35m[HTTP][39m [90m{"implicit":30000}[39m
[35m[HTTP][39m [37m<-- POST /wd/hub/session/8b79cb52-0d6a-4dfa-a7f5-a72fe1d9d77f/timeouts [39m[32m200[39m [90m1 ms - 14[39m
[35m[HTTP][39m [90m[39m
[35m[HTTP][39m [37m-->[39m [37mPOST[39m [37m/wd/hub/session/8b79cb52-0d6a-4dfa-a7f5-a72fe1d9d77f/element/00000000-0000-00ac-0000-000e00000003/clear[39m
[35m[HTTP][39m [90m{"id":"00000000-0000-00ac-0000-000e00000003"}[39m
[35m[HTTP][39m [37m<-- POST /wd/hub/session/8b79cb52-0d6a-4dfa-a7f5-a72fe1d9d77f/element/00000000-0000-00ac-0000-000e00000003/clear [39m[32m200[39m [90m35 ms - 14[39m
[35m[HTTP][39m [90m[39m
[35m[HTTP][39m [37m-->[39m [37mPOST[39m [37m/wd/hub/session/8b79cb52-0d6a-4dfa-a7f5-a72fe1d9d77f/element/00000000-0000-00ac-0000-000e00000003/value[39m
[35m[HTTP][39m [90m{"id":"00000000-0000-00ac-0000-000e00000003","text":"1","value":["1"]}[39m
[35m[HTTP][39m [37m<-- POST /wd/hub/session/8b79cb52-0d6a-4dfa-a7f5-a72fe1d9d77f/element/00000000-0000-00ac-0000-000e00000003/value [39m[32m200[39m [90m44 ms - 14[39m
[35m[HTTP][39m [90m[39m
[35m[HTTP][39m [37m-->[39m [37mPOST[39m [37m/wd/hub/session/8b79cb52-0d6a-4dfa-a7f5-a72fe1d9d77f/timeouts[39m
[35m[HTTP][39m [90m{"implicit":50}[39m
[35m[HTTP][39m [37m<-- POST /wd/hub/session/8b79cb52-0d6a-4dfa-a7f5-a72fe1d9d77f/timeouts [39m[32m200[39m [90m1 ms - 14[39m
[35m[HTTP][39m [90m[39m
[35m[HTTP][39m [37m-->[39m [37mGET[39m [37m/wd/hub/session/8b79cb52-0d6a-4dfa-a7f5-a72fe1d9d77f/window/rect[39m
[35m[HTTP][39m [90m{}[39m
[35m[HTTP][39m [37m<-- GET /wd/hub/session/8b79cb52-0d6a-4dfa-a7f5-a72fe1d9d77f/window/rect [39m[32m200[39m [90m26 ms - 49[39m
[35m[HTTP][39m [90m[39m
[35m[HTTP][39m [37m-->[39m [37mPOST[39m [37m/wd/hub/session/8b79cb52-0d6a-4dfa-a7f5-a72fe1d9d77f/elements[39m
[35m[HTTP][39m [90m{"using":"xpath","value":"//hierarchy/android.widget.FrameLayout[1]/android.widget.LinearLayout[1]/android.widget.FrameLayout[1]/android.widget.FrameLayout[1]/android.view.View[1]/android.view.View[1]/android.view.View[1]/android.view.View[1]/android.widget.ScrollView[1]/android.widget.EditText[2]"}[39m
[35m[HTTP][39m [37m<-- POST /wd/hub/session/8b79cb52-0d6a-4dfa-a7f5-a72fe1d9d77f/elements [39m[32m200[39m [90m2049 ms - 12[39m
[35m[HTTP][39m [90m[39m
[35m[HTTP][39m [37m-->[39m [37mPOST[39m [37m/wd/hub/session/8b79cb52-0d6a-4dfa-a7f5-a72fe1d9d77f/elements[39m
[35m[HTTP][39m [90m{"using":"xpath","value":"//hierarchy/android.widget.FrameLayout[1]/android.widget.LinearLayout[1]/android.widget.FrameLayout[1]/android.widget.FrameLayout[1]/android.view.View[1]/android.view.View[1]/android.view.View[1]/android.view.View[1]/android.widget.ScrollView[1]/android.widget.EditText[2]"}[39m
[35m[HTTP][39m [37m<-- POST /wd/hub/session/8b79cb52-0d6a-4dfa-a7f5-a72fe1d9d77f/elements [39m[32m200[39m [90m633 ms - 12[39m
[35m[HTTP][39m [90m[39m
[35m[HTTP][39m [37m-->[39m [37mPOST[39m [37m/wd/hub/session/8b79cb52-0d6a-4dfa-a7f5-a72fe1d9d77f/elements[39m
[35m[HTTP][39m [90m{"using":"xpath","value":"//hierarchy/android.widget.FrameLayout[1]/android.widget.LinearLayout[1]/android.widget.FrameLayout[1]/android.widget.FrameLayout[1]/android.view.View[1]/android.view.View[1]/android.view.View[1]/android.view.View[1]/android.widget.ScrollView[1]/android.widget.EditText[2]"}[39m
[35m[HTTP][39m [37m<-- POST /wd/hub/session/8b79cb52-0d6a-4dfa-a7f5-a72fe1d9d77f/elements [39m[32m200[39m [90m628 ms - 12[39m
[35m[HTTP][39m [90m[39m
[35m[HTTP][39m [37m-->[39m [37mPOST[39m [37m/wd/hub/session/8b79cb52-0d6a-4dfa-a7f5-a72fe1d9d77f/elements[39m
[35m[HTTP][39m [90m{"using":"xpath","value":"//hierarchy/android.widget.FrameLayout[1]/android.widget.LinearLayout[1]/android.widget.FrameLayout[1]/android.widget.FrameLayout[1]/android.view.View[1]/android.view.View[1]/android.view.View[1]/android.view.View[1]/android.widget.ScrollView[1]/android.widget.EditText[2]"}[39m
[35m[HTTP][39m [37m<-- POST /wd/hub/session/8b79cb52-0d6a-4dfa-a7f5-a72fe1d9d77f/elements [39m[32m-[39m [90m- ms - -[39m
[35m[HTTP][39m [90m[39m
